                      :-) GROMACS - gmx mdrun, 2020.1 (-:

                            GROMACS is written by:
     Emile Apol      Rossen Apostolov      Paul Bauer     Herman J.C. Berendsen
    Par Bjelkmar      Christian Blau   Viacheslav Bolnykh     Kevin Boyd    
 Aldert van Buuren   Rudi van Drunen     Anton Feenstra       Alan Gray     
  Gerrit Groenhof     Anca Hamuraru    Vincent Hindriksen  M. Eric Irrgang  
  Aleksei Iupinov   Christoph Junghans     Joe Jordan     Dimitrios Karkoulis
    Peter Kasson        Jiri Kraus      Carsten Kutzner      Per Larsson    
  Justin A. Lemkul    Viveca Lindahl    Magnus Lundborg     Erik Marklund   
    Pascal Merz     Pieter Meulenhoff    Teemu Murtola       Szilard Pall   
    Sander Pronk      Roland Schulz      Michael Shirts    Alexey Shvetsov  
   Alfons Sijbers     Peter Tieleman      Jon Vincent      Teemu Virolainen 
 Christian Wennberg    Maarten Wolf      Artem Zhmurov   
                           and the project leaders:
        Mark Abraham, Berk Hess, Erik Lindahl, and David van der Spoel

Copyright (c) 1991-2000, University of Groningen, The Netherlands.
Copyright (c) 2001-2019, The GROMACS development team at
Uppsala University, Stockholm University and
the Royal Institute of Technology, Sweden.
check out http://www.gromacs.org for more information.

GROMACS is free software; you can redistribute it and/or modify it
under the terms of the GNU Lesser General Public License
as published by the Free Software Foundation; either version 2.1
of the License, or (at your option) any later version.

GROMACS:      gmx mdrun, version 2020.1
Executable:   /opt/pkg/apps/gromacs/2020/gromacs-install/bin/gmx
Data prefix:  /opt/pkg/apps/gromacs/2020/gromacs-install
Working dir:  /users/mw00847/MARTINI/PS_PEO/short_PEO/equal
Process ID:   122073
Command line:
  gmx mdrun -deffnm tension -v -nb gpu -ntomp 4 -ntmpi 2 -gpu_id 0

GROMACS version:    2020.1
Verified release checksum is 5cde61b9d46b24153ba84f499c996612640b965eff9a218f8f5e561f94ff4e43
Precision:          single
Memory model:       64 bit
MPI library:        thread_mpi
OpenMP support:     enabled (GMX_OPENMP_MAX_THREADS = 64)
GPU support:        CUDA
SIMD instructions:  AVX_256
FFT library:        fftw-3.3.8-sse2-avx-avx2-avx2_128
RDTSCP usage:       enabled
TNG support:        enabled
Hwloc support:      disabled
Tracing support:    disabled
C compiler:         /users/pt0016/Argyrios3/gcc-6.5.0-build/bin/gcc GNU 6.5.0
C compiler flags:   -mavx -fexcess-precision=fast -funroll-all-loops
C++ compiler:       /users/pt0016/Argyrios3/gcc-6.5.0-build/bin/g++ GNU 6.5.0
C++ compiler flags: -mavx -fexcess-precision=fast -funroll-all-loops -fopenmp
CUDA compiler:      /opt/eb-pkg/ebadmin/software/CUDA/10.0.130/bin/nvcc nvcc: NVIDIA (R) Cuda compiler driver;Copyright (c) 2005-2018 NVIDIA Corporation;Built on Sat_Aug_25_21:08:01_CDT_2018;Cuda compilation tools, release 10.0, V10.0.130
CUDA compiler flags:-std=c++14;-gencode;arch=compute_30,code=sm_30;-gencode;arch=compute_35,code=sm_35;-gencode;arch=compute_37,code=sm_37;-gencode;arch=compute_50,code=sm_50;-gencode;arch=compute_52,code=sm_52;-gencode;arch=compute_60,code=sm_60;-gencode;arch=compute_61,code=sm_61;-gencode;arch=compute_70,code=sm_70;-gencode;arch=compute_35,code=compute_35;-gencode;arch=compute_50,code=compute_50;-gencode;arch=compute_52,code=compute_52;-gencode;arch=compute_60,code=compute_60;-gencode;arch=compute_61,code=compute_61;-gencode;arch=compute_70,code=compute_70;-gencode;arch=compute_75,code=compute_75;-use_fast_math;;-mavx -fexcess-precision=fast -funroll-all-loops -fopenmp
CUDA driver:        10.20
CUDA runtime:       10.0


Running on 1 node with total 20 cores, 20 logical cores, 2 compatible GPUs
Hardware detected:
  CPU info:
    Vendor: Intel
    Brand:  Intel(R) Xeon(R) CPU E5-2670 v2 @ 2.50GHz
    Family: 6   Model: 62   Stepping: 4
    Features: aes apic avx clfsh cmov cx8 cx16 f16c htt intel lahf mmx msr nonstop_tsc pcid pclmuldq pdcm pdpe1gb popcnt pse rdrnd rdtscp sse2 sse3 sse4.1 sse4.2 ssse3 tdt x2apic
  Hardware topology: Basic
    Sockets, cores, and logical processors:
      Socket  0: [   0] [   1] [   2] [   3] [   4] [   5] [   6] [   7] [   8] [   9]
      Socket  1: [  10] [  11] [  12] [  13] [  14] [  15] [  16] [  17] [  18] [  19]
  GPU info:
    Number of GPUs detected: 2
    #0: NVIDIA Tesla K20m, compute cap.: 3.5, ECC: yes, stat: compatible
    #1: NVIDIA Tesla K20m, compute cap.: 3.5, ECC: yes, stat: compatible


++++ PLEASE READ AND CITE THE FOLLOWING REFERENCE ++++
M. J. Abraham, T. Murtola, R. Schulz, S. Páll, J. C. Smith, B. Hess, E.
Lindahl
GROMACS: High performance molecular simulations through multi-level
parallelism from laptops to supercomputers
SoftwareX 1 (2015) pp. 19-25
-------- -------- --- Thank You --- -------- --------


++++ PLEASE READ AND CITE THE FOLLOWING REFERENCE ++++
S. Páll, M. J. Abraham, C. Kutzner, B. Hess, E. Lindahl
Tackling Exascale Software Challenges in Molecular Dynamics Simulations with
GROMACS
In S. Markidis & E. Laure (Eds.), Solving Software Challenges for Exascale 8759 (2015) pp. 3-27
-------- -------- --- Thank You --- -------- --------


++++ PLEASE READ AND CITE THE FOLLOWING REFERENCE ++++
S. Pronk, S. Páll, R. Schulz, P. Larsson, P. Bjelkmar, R. Apostolov, M. R.
Shirts, J. C. Smith, P. M. Kasson, D. van der Spoel, B. Hess, and E. Lindahl
GROMACS 4.5: a high-throughput and highly parallel open source molecular
simulation toolkit
Bioinformatics 29 (2013) pp. 845-54
-------- -------- --- Thank You --- -------- --------


++++ PLEASE READ AND CITE THE FOLLOWING REFERENCE ++++
B. Hess and C. Kutzner and D. van der Spoel and E. Lindahl
GROMACS 4: Algorithms for highly efficient, load-balanced, and scalable
molecular simulation
J. Chem. Theory Comput. 4 (2008) pp. 435-447
-------- -------- --- Thank You --- -------- --------


++++ PLEASE READ AND CITE THE FOLLOWING REFERENCE ++++
D. van der Spoel, E. Lindahl, B. Hess, G. Groenhof, A. E. Mark and H. J. C.
Berendsen
GROMACS: Fast, Flexible and Free
J. Comp. Chem. 26 (2005) pp. 1701-1719
-------- -------- --- Thank You --- -------- --------


++++ PLEASE READ AND CITE THE FOLLOWING REFERENCE ++++
E. Lindahl and B. Hess and D. van der Spoel
GROMACS 3.0: A package for molecular simulation and trajectory analysis
J. Mol. Mod. 7 (2001) pp. 306-317
-------- -------- --- Thank You --- -------- --------


++++ PLEASE READ AND CITE THE FOLLOWING REFERENCE ++++
H. J. C. Berendsen, D. van der Spoel and R. van Drunen
GROMACS: A message-passing parallel molecular dynamics implementation
Comp. Phys. Comm. 91 (1995) pp. 43-56
-------- -------- --- Thank You --- -------- --------


++++ PLEASE CITE THE DOI FOR THIS VERSION OF GROMACS ++++
https://doi.org/10.5281/zenodo.3685919
-------- -------- --- Thank You --- -------- --------

Input Parameters:
   integrator                     = md
   tinit                          = 0
   dt                             = 0.02
   nsteps                         = 10000000
   init-step                      = 0
   simulation-part                = 1
   comm-mode                      = Linear
   nstcomm                        = 100
   bd-fric                        = 0
   ld-seed                        = 143507700
   emtol                          = 10
   emstep                         = 0.01
   niter                          = 20
   fcstep                         = 0
   nstcgsteep                     = 1000
   nbfgscorr                      = 10
   rtpi                           = 0.05
   nstxout                        = 0
   nstvout                        = 0
   nstfout                        = 0
   nstlog                         = 2000
   nstcalcenergy                  = 100
   nstenergy                      = 2000
   nstxout-compressed             = 2000
   compressed-x-precision         = 100
   cutoff-scheme                  = Verlet
   nstlist                        = 20
   pbc                            = xyz
   periodic-molecules             = false
   verlet-buffer-tolerance        = 0.005
   rlist                          = 1.2
   coulombtype                    = Cut-off
   coulomb-modifier               = Potential-shift
   rcoulomb-switch                = 0
   rcoulomb                       = 1.2
   epsilon-r                      = 2.5
   epsilon-rf                     = inf
   vdw-type                       = Cut-off
   vdw-modifier                   = Potential-shift
   rvdw-switch                    = 0
   rvdw                           = 1.2
   DispCorr                       = No
   table-extension                = 1
   fourierspacing                 = 0.12
   fourier-nx                     = 0
   fourier-ny                     = 0
   fourier-nz                     = 0
   pme-order                      = 4
   ewald-rtol                     = 1e-05
   ewald-rtol-lj                  = 0.001
   lj-pme-comb-rule               = Geometric
   ewald-geometry                 = 0
   epsilon-surface                = 0
   tcoupl                         = V-rescale
   nsttcouple                     = 20
   nh-chain-length                = 0
   print-nose-hoover-chain-variables = false
   pcoupl                         = Parrinello-Rahman
   pcoupltype                     = Isotropic
   nstpcouple                     = 20
   tau-p                          = 16
   compressibility (3x3):
      compressibility[    0]={ 6.00000e-04,  0.00000e+00,  0.00000e+00}
      compressibility[    1]={ 0.00000e+00,  6.00000e-04,  0.00000e+00}
      compressibility[    2]={ 0.00000e+00,  0.00000e+00,  6.00000e-04}
   ref-p (3x3):
      ref-p[    0]={ 1.00000e+00,  0.00000e+00,  0.00000e+00}
      ref-p[    1]={ 0.00000e+00,  1.00000e+00,  0.00000e+00}
      ref-p[    2]={ 0.00000e+00,  0.00000e+00,  1.00000e+00}
   refcoord-scaling               = No
   posres-com (3):
      posres-com[0]= 0.00000e+00
      posres-com[1]= 0.00000e+00
      posres-com[2]= 0.00000e+00
   posres-comB (3):
      posres-comB[0]= 0.00000e+00
      posres-comB[1]= 0.00000e+00
      posres-comB[2]= 0.00000e+00
   QMMM                           = false
   QMconstraints                  = 0
   QMMMscheme                     = 0
   MMChargeScaleFactor            = 1
qm-opts:
   ngQM                           = 0
   constraint-algorithm           = Lincs
   continuation                   = false
   Shake-SOR                      = false
   shake-tol                      = 0.0001
   lincs-order                    = 4
   lincs-iter                     = 1
   lincs-warnangle                = 30
   nwall                          = 0
   wall-type                      = 9-3
   wall-r-linpot                  = -1
   wall-atomtype[0]               = -1
   wall-atomtype[1]               = -1
   wall-density[0]                = 0
   wall-density[1]                = 0
   wall-ewald-zfac                = 3
   pull                           = false
   awh                            = false
   rotation                       = false
   interactiveMD                  = false
   disre                          = No
   disre-weighting                = Conservative
   disre-mixed                    = false
   dr-fc                          = 1000
   dr-tau                         = 0
   nstdisreout                    = 100
   orire-fc                       = 0
   orire-tau                      = 0
   nstorireout                    = 100
   free-energy                    = no
   cos-acceleration               = 0
   deform (3x3):
      deform[    0]={ 0.00000e+00,  0.00000e+00,  0.00000e+00}
      deform[    1]={ 0.00000e+00,  0.00000e+00,  0.00000e+00}
      deform[    2]={ 0.00000e+00,  0.00000e+00,  0.00000e+00}
   simulated-tempering            = false
   swapcoords                     = no
   userint1                       = 0
   userint2                       = 0
   userint3                       = 0
   userint4                       = 0
   userreal1                      = 0
   userreal2                      = 0
   userreal3                      = 0
   userreal4                      = 0
   applied-forces:
     electric-field:
       x:
         E0                       = 0
         omega                    = 0
         t0                       = 0
         sigma                    = 0
       y:
         E0                       = 0
         omega                    = 0
         t0                       = 0
         sigma                    = 0
       z:
         E0                       = 0
         omega                    = 0
         t0                       = 0
         sigma                    = 0
     density-guided-simulation:
       active                     = false
       group                      = protein
       similarity-measure         = inner-product
       atom-spreading-weight      = unity
       force-constant             = 1e+09
       gaussian-transform-spreading-width = 0.2
       gaussian-transform-spreading-range-in-multiples-of-width = 4
       reference-density-filename = reference.mrc
       nst                        = 1
       normalize-densities        = true
       adaptive-force-scaling     = false
       adaptive-force-scaling-time-constant = 4
grpopts:
   nrdf:      238197
   ref-t:         300
   tau-t:           2
annealing:          No
annealing-npoints:           0
   acc:	           0           0           0
   nfreeze:           N           N           N
   energygrp-flags[  0]: 0

Changing nstlist from 20 to 50, rlist from 1.2 to 1.34


Initializing Domain Decomposition on 2 ranks
Dynamic load balancing: locked
Using update groups, nr 54400, average size 1.9 atoms, max. radius 0.290 nm
Minimum cell size due to atom displacement: 1.625 nm
Initial maximum distances in bonded interactions:
    two-body bonded interactions: 0.372 nm, Bond, atoms 102988 102989
  multi-body bonded interactions: 1.034 nm, CBT Dih., atoms 100612 100615
Minimum cell size due to bonded interactions: 1.138 nm
Scaling the initial minimum size with 1/0.8 (option -dds) = 1.25
Optimizing the DD grid for 2 cells with a minimum initial size of 2.031 nm
The maximum allowed number of cells is: X 7 Y 7 Z 14
Domain decomposition grid 1 x 1 x 2, separate PME ranks 0
Domain decomposition rank 0, coordinates 0 0 0

The initial number of communication pulses is: Z 1
The initial domain decomposition cell size is: Z 15.00 nm

The maximum allowed distance for atom groups involved in interactions is:
                 non-bonded interactions           1.920 nm
(the following are initial values, they could change due to box deformation)
            two-body bonded interactions  (-rdd)   1.920 nm
          multi-body bonded interactions  (-rdd)   1.920 nm

When dynamic load balancing gets turned on, these settings will change to:
The maximum number of communication pulses is: Z 1
The minimum size for domain decomposition cells is 1.920 nm
The requested allowed shrink of DD cells (option -dds) is: 0.80
The allowed shrink of domain decomposition cells is: Z 0.13
The maximum allowed distance for atom groups involved in interactions is:
                 non-bonded interactions           1.920 nm
            two-body bonded interactions  (-rdd)   1.920 nm
          multi-body bonded interactions  (-rdd)   1.920 nm

On host node122.swmgmt.eureka 1 GPU selected for this run.
Mapping of GPU IDs to the 2 GPU tasks in the 2 ranks on this node:
  PP:0,PP:0
PP tasks will do (non-perturbed) short-ranged interactions on the GPU
PP task will update and constrain coordinates on the CPU
Using 2 MPI threads
Using 4 OpenMP threads per tMPI thread


NOTE: The number of threads is not equal to the number of (logical) cores
      and the -pin option is set to auto: will not pin threads to cores.
      This can lead to significant performance degradation.
      Consider using -pin on (and -pinoffset in case you run multiple jobs).
System total charge: 0.000
Potential shift: LJ r^-12: -1.122e-01 r^-6: -3.349e-01, Coulomb -8e-01

Using GPU 8x8 nonbonded short-range kernels

Using a dual 8x8 pair-list setup updated with dynamic, rolling pruning:
  outer list: updated every 50 steps, buffer 0.140 nm, rlist 1.340 nm
  inner list: updated every 28 steps, buffer 0.009 nm, rlist 1.209 nm
At tolerance 0.005 kJ/mol/ps per atom, equivalent classical 1x1 list would be:
  outer list: updated every 50 steps, buffer 0.461 nm, rlist 1.661 nm
  inner list: updated every 28 steps, buffer 0.206 nm, rlist 1.406 nm

Using full Lennard-Jones parameter combination matrix

Removing pbc first time

Initializing LINear Constraint Solver

++++ PLEASE READ AND CITE THE FOLLOWING REFERENCE ++++
B. Hess
P-LINCS: A Parallel Linear Constraint Solver for molecular simulation
J. Chem. Theory Comput. 4 (2008) pp. 116-122
-------- -------- --- Thank You --- -------- --------

The number of constraints is 75000
75000 constraints are involved in constraint triangles,
will apply an additional matrix expansion of order 4 for couplings
between constraints inside triangles

Linking all bonded interactions to atoms


Intra-simulation communication will occur every 10 steps.

++++ PLEASE READ AND CITE THE FOLLOWING REFERENCE ++++
G. Bussi, D. Donadio and M. Parrinello
Canonical sampling through velocity rescaling
J. Chem. Phys. 126 (2007) pp. 014101
-------- -------- --- Thank You --- -------- --------

There are: 104400 Atoms
Atom distribution over 2 domains: av 52200 stddev 128 min 52072 max 52328

Constraining the starting coordinates (step 0)

Constraining the coordinates at t0-dt (step 0)
Center of mass motion removal mode is Linear
We have the following groups for center of mass motion removal:
  0:  rest
RMS relative constraint deviation after constraining: 1.56e-06
Initial temperature: 3.41445e-06 K

Started mdrun on rank 0 Mon Dec 27 06:58:20 2021

           Step           Time
              0        0.00000

   Energies (kJ/mol)
           Bond          Angle       G96Angle       CBT Dih.        LJ (SR)
    1.11630e+04    6.45597e+04    2.35178e+03    3.08812e+03   -8.69511e+05
   Coulomb (SR)      Potential    Kinetic En.   Total Energy  Conserved En.
    0.00000e+00   -7.88348e+05    1.58149e+02   -7.88190e+05   -7.87762e+05
    Temperature Pressure (bar)   Constr. rmsd
    1.59707e-01   -5.55399e+02    2.23843e-06


DD  step 49 load imb.: force  1.0%

DD  step 1999 load imb.: force  0.9%
           Step           Time
           2000       40.00000

   Energies (kJ/mol)
           Bond          Angle       G96Angle       CBT Dih.        LJ (SR)
    6.60580e+04    1.88110e+05    5.38560e+03    3.57861e+03   -7.75287e+05
   Coulomb (SR)      Potential    Kinetic En.   Total Energy  Conserved En.
    0.00000e+00   -5.12155e+05    2.97444e+05   -2.14710e+05   -7.63459e+05
    Temperature Pressure (bar)   Constr. rmsd
    3.00376e+02   -2.43632e+01    5.09218e-06


DD  step 3999 load imb.: force  1.7%
           Step           Time
           4000       80.00000

   Energies (kJ/mol)
           Bond          Angle       G96Angle       CBT Dih.        LJ (SR)
    6.60153e+04    1.87194e+05    5.68091e+03    3.63666e+03   -7.86263e+05
   Coulomb (SR)      Potential    Kinetic En.   Total Energy  Conserved En.
    0.00000e+00   -5.23735e+05    2.97038e+05   -2.26698e+05   -7.65651e+05
    Temperature Pressure (bar)   Constr. rmsd
    2.99965e+02   -1.58416e+01    5.00229e-06


DD  step 5999 load imb.: force  0.3%
           Step           Time
           6000      120.00000

   Energies (kJ/mol)
           Bond          Angle       G96Angle       CBT Dih.        LJ (SR)
    6.73935e+04    1.85963e+05    5.50507e+03    3.57543e+03   -7.94856e+05
   Coulomb (SR)      Potential    Kinetic En.   Total Energy  Conserved En.
    0.00000e+00   -5.32419e+05    2.97646e+05   -2.34773e+05   -7.67768e+05
    Temperature Pressure (bar)   Constr. rmsd
    3.00580e+02    8.14528e+00    5.00783e-06


DD  step 7999 load imb.: force  0.2%
           Step           Time
           8000      160.00000

   Energies (kJ/mol)
           Bond          Angle       G96Angle       CBT Dih.        LJ (SR)
    6.66212e+04    1.85629e+05    5.41366e+03    3.64795e+03   -7.97305e+05
   Coulomb (SR)      Potential    Kinetic En.   Total Energy  Conserved En.
    0.00000e+00   -5.35994e+05    2.96626e+05   -2.39368e+05   -7.69956e+05
    Temperature Pressure (bar)   Constr. rmsd
    2.99549e+02    3.07584e+01    4.98778e-06


DD  step 9999 load imb.: force  1.2%
           Step           Time
          10000      200.00000

   Energies (kJ/mol)
           Bond          Angle       G96Angle       CBT Dih.        LJ (SR)
    6.66517e+04    1.85550e+05    5.57037e+03    3.59447e+03   -7.98216e+05
   Coulomb (SR)      Potential    Kinetic En.   Total Energy  Conserved En.
    0.00000e+00   -5.36849e+05    2.96799e+05   -2.40050e+05   -7.72252e+05
    Temperature Pressure (bar)   Constr. rmsd
    2.99724e+02   -2.48485e+01    4.93126e-06


DD  step 11999 load imb.: force  1.3%
           Step           Time
          12000      240.00000

   Energies (kJ/mol)
           Bond          Angle       G96Angle       CBT Dih.        LJ (SR)
    6.68225e+04    1.85356e+05    5.72094e+03    3.57540e+03   -7.99680e+05
   Coulomb (SR)      Potential    Kinetic En.   Total Energy  Conserved En.
    0.00000e+00   -5.38205e+05    2.97234e+05   -2.40971e+05   -7.74468e+05
    Temperature Pressure (bar)   Constr. rmsd
    3.00164e+02   -6.12692e+00    5.01063e-06


DD  step 13999 load imb.: force  1.0%
           Step           Time
          14000      280.00000

   Energies (kJ/mol)
           Bond          Angle       G96Angle       CBT Dih.        LJ (SR)
    6.60833e+04    1.85377e+05    5.58619e+03    3.56422e+03   -8.02686e+05
   Coulomb (SR)      Potential    Kinetic En.   Total Energy  Conserved En.
    0.00000e+00   -5.42074e+05    2.96443e+05   -2.45631e+05   -7.76723e+05
    Temperature Pressure (bar)   Constr. rmsd
    2.99365e+02    3.30737e+01    4.95790e-06


DD  step 15999 load imb.: force  0.2%
           Step           Time
          16000      320.00000

   Energies (kJ/mol)
           Bond          Angle       G96Angle       CBT Dih.        LJ (SR)
    6.56500e+04    1.86159e+05    5.58737e+03    3.44334e+03   -8.04948e+05
   Coulomb (SR)      Potential    Kinetic En.   Total Energy  Conserved En.
    0.00000e+00   -5.44108e+05    2.97461e+05   -2.46648e+05   -7.79046e+05
    Temperature Pressure (bar)   Constr. rmsd
    3.00393e+02   -2.38688e+01    5.02313e-06


DD  step 17999 load imb.: force  0.3%
           Step           Time
          18000      360.00000

   Energies (kJ/mol)
           Bond          Angle       G96Angle       CBT Dih.        LJ (SR)
    6.62222e+04    1.84069e+05    5.67787e+03    3.53238e+03   -8.03299e+05
   Coulomb (SR)      Potential    Kinetic En.   Total Energy  Conserved En.
    0.00000e+00   -5.43797e+05    2.96566e+05   -2.47231e+05   -7.81303e+05
    Temperature Pressure (bar)   Constr. rmsd
    2.99489e+02    8.56638e+00    4.97181e-06


DD  step 19999 load imb.: force  1.5%
           Step           Time
          20000      400.00000

   Energies (kJ/mol)
           Bond          Angle       G96Angle       CBT Dih.        LJ (SR)
    6.57133e+04    1.84774e+05    5.51486e+03    3.69817e+03   -8.05524e+05
   Coulomb (SR)      Potential    Kinetic En.   Total Energy  Conserved En.
    0.00000e+00   -5.45824e+05    2.96400e+05   -2.49424e+05   -7.83439e+05
    Temperature Pressure (bar)   Constr. rmsd
    2.99322e+02    6.73158e+00    4.99738e-06


DD  step 21999 load imb.: force  0.7%
           Step           Time
          22000      440.00000

   Energies (kJ/mol)
           Bond          Angle       G96Angle       CBT Dih.        LJ (SR)
    6.53591e+04    1.83633e+05    5.75874e+03    3.68829e+03   -8.07055e+05
   Coulomb (SR)      Potential    Kinetic En.   Total Energy  Conserved En.
    0.00000e+00   -5.48616e+05    2.95665e+05   -2.52951e+05   -7.85629e+05
    Temperature Pressure (bar)   Constr. rmsd
    2.98579e+02    3.85121e+00    4.90230e-06


DD  step 23999 load imb.: force  0.1%
           Step           Time
          24000      480.00000

   Energies (kJ/mol)
           Bond          Angle       G96Angle       CBT Dih.        LJ (SR)
    6.62419e+04    1.84614e+05    5.64064e+03    3.66651e+03   -8.04947e+05
   Coulomb (SR)      Potential    Kinetic En.   Total Energy  Conserved En.
    0.00000e+00   -5.44783e+05    2.96484e+05   -2.48299e+05   -7.87782e+05
    Temperature Pressure (bar)   Constr. rmsd
    2.99406e+02   -2.50946e+01    5.02787e-06


DD  step 25999 load imb.: force  1.1%
           Step           Time
          26000      520.00000

   Energies (kJ/mol)
           Bond          Angle       G96Angle       CBT Dih.        LJ (SR)
    6.56031e+04    1.85046e+05    5.66345e+03    3.68725e+03   -8.07760e+05
   Coulomb (SR)      Potential    Kinetic En.   Total Energy  Conserved En.
    0.00000e+00   -5.47760e+05    2.97170e+05   -2.50590e+05   -7.90031e+05
    Temperature Pressure (bar)   Constr. rmsd
    3.00099e+02    1.07344e+01    5.04450e-06


DD  step 27999 load imb.: force  0.5%
           Step           Time
          28000      560.00000

   Energies (kJ/mol)
           Bond          Angle       G96Angle       CBT Dih.        LJ (SR)
    6.57043e+04    1.85344e+05    5.56363e+03    3.60808e+03   -8.07156e+05
   Coulomb (SR)      Potential    Kinetic En.   Total Energy  Conserved En.
    0.00000e+00   -5.46936e+05    2.98010e+05   -2.48925e+05   -7.92284e+05
    Temperature Pressure (bar)   Constr. rmsd
    3.00948e+02    3.32359e+01    4.98249e-06


DD  step 29999 load imb.: force  0.9%
           Step           Time
          30000      600.00000

   Energies (kJ/mol)
           Bond          Angle       G96Angle       CBT Dih.        LJ (SR)
    6.60480e+04    1.84601e+05    5.59996e+03    3.63475e+03   -8.08576e+05
   Coulomb (SR)      Potential    Kinetic En.   Total Energy  Conserved En.
    0.00000e+00   -5.48693e+05    2.96426e+05   -2.52267e+05   -7.94452e+05
    Temperature Pressure (bar)   Constr. rmsd
    2.99348e+02    7.57122e+00    5.02286e-06


DD  step 31999 load imb.: force  1.6%
           Step           Time
          32000      640.00000

   Energies (kJ/mol)
           Bond          Angle       G96Angle       CBT Dih.        LJ (SR)
    6.63360e+04    1.84324e+05    5.52245e+03    3.68993e+03   -8.08825e+05
   Coulomb (SR)      Potential    Kinetic En.   Total Energy  Conserved En.
    0.00000e+00   -5.48953e+05    2.97921e+05   -2.51032e+05   -7.96554e+05
    Temperature Pressure (bar)   Constr. rmsd
    3.00857e+02    4.93352e+01    5.05595e-06


DD  step 33999 load imb.: force  1.2%
           Step           Time
          34000      680.00000

   Energies (kJ/mol)
           Bond          Angle       G96Angle       CBT Dih.        LJ (SR)
    6.71357e+04    1.84040e+05    5.58217e+03    3.59336e+03   -8.07874e+05
   Coulomb (SR)      Potential    Kinetic En.   Total Energy  Conserved En.
    0.00000e+00   -5.47523e+05    2.97439e+05   -2.50083e+05   -7.98802e+05
    Temperature Pressure (bar)   Constr. rmsd
    3.00371e+02   -2.92627e+00    5.06187e-06


DD  step 35999 load imb.: force  0.2%
           Step           Time
          36000      720.00000

   Energies (kJ/mol)
           Bond          Angle       G96Angle       CBT Dih.        LJ (SR)
    6.66045e+04    1.83683e+05    5.68032e+03    3.54911e+03   -8.11966e+05
   Coulomb (SR)      Potential    Kinetic En.   Total Energy  Conserved En.
    0.00000e+00   -5.52449e+05    2.98265e+05   -2.54184e+05   -8.01076e+05
    Temperature Pressure (bar)   Constr. rmsd
    3.01205e+02    6.49982e+00    5.00917e-06


DD  step 37999 load imb.: force  0.6%
           Step           Time
          38000      760.00000

   Energies (kJ/mol)
           Bond          Angle       G96Angle       CBT Dih.        LJ (SR)
    6.58568e+04    1.84667e+05    5.53320e+03    3.64602e+03   -8.09476e+05
   Coulomb (SR)      Potential    Kinetic En.   Total Energy  Conserved En.
    0.00000e+00   -5.49773e+05    2.97202e+05   -2.52571e+05   -8.03367e+05
    Temperature Pressure (bar)   Constr. rmsd
    3.00132e+02    2.18849e+01    5.03155e-06


DD  step 39999 load imb.: force  1.7%
           Step           Time
          40000      800.00000

   Energies (kJ/mol)
           Bond          Angle       G96Angle       CBT Dih.        LJ (SR)
    6.62070e+04    1.83664e+05    5.64347e+03    3.65785e+03   -8.09339e+05
   Coulomb (SR)      Potential    Kinetic En.   Total Energy  Conserved En.
    0.00000e+00   -5.50167e+05    2.96798e+05   -2.53368e+05   -8.05564e+05
    Temperature Pressure (bar)   Constr. rmsd
    2.99723e+02    7.51241e+00    4.93320e-06


DD  step 41999 load imb.: force  1.6%
           Step           Time
          42000      840.00000

   Energies (kJ/mol)
           Bond          Angle       G96Angle       CBT Dih.        LJ (SR)
    6.58952e+04    1.83565e+05    5.39894e+03    3.65463e+03   -8.09256e+05
   Coulomb (SR)      Potential    Kinetic En.   Total Energy  Conserved En.
    0.00000e+00   -5.50742e+05    2.95712e+05   -2.55031e+05   -8.07873e+05
    Temperature Pressure (bar)   Constr. rmsd
    2.98626e+02    7.62338e+00    4.85294e-06


DD  step 43999 load imb.: force  0.0%
           Step           Time
          44000      880.00000

   Energies (kJ/mol)
           Bond          Angle       G96Angle       CBT Dih.        LJ (SR)
    6.60202e+04    1.82846e+05    5.56965e+03    3.46843e+03   -8.08699e+05
   Coulomb (SR)      Potential    Kinetic En.   Total Energy  Conserved En.
    0.00000e+00   -5.50795e+05    2.96894e+05   -2.53902e+05   -8.10056e+05
    Temperature Pressure (bar)   Constr. rmsd
    2.99820e+02    1.04695e+00    5.00070e-06


DD  step 45999 load imb.: force  0.2%
           Step           Time
          46000      920.00000

   Energies (kJ/mol)
           Bond          Angle       G96Angle       CBT Dih.        LJ (SR)
    6.56654e+04    1.84310e+05    5.51988e+03    3.55225e+03   -8.10074e+05
   Coulomb (SR)      Potential    Kinetic En.   Total Energy  Conserved En.
    0.00000e+00   -5.51026e+05    2.95312e+05   -2.55714e+05   -8.12293e+05
    Temperature Pressure (bar)   Constr. rmsd
    2.98223e+02   -6.35320e+00    4.95180e-06


DD  step 47999 load imb.: force  0.2%
           Step           Time
          48000      960.00000

   Energies (kJ/mol)
           Bond          Angle       G96Angle       CBT Dih.        LJ (SR)
    6.63257e+04    1.83908e+05    5.41596e+03    3.53648e+03   -8.09997e+05
   Coulomb (SR)      Potential    Kinetic En.   Total Energy  Conserved En.
    0.00000e+00   -5.50811e+05    2.95358e+05   -2.55453e+05   -8.14514e+05
    Temperature Pressure (bar)   Constr. rmsd
    2.98269e+02   -1.96098e+01    4.97449e-06


DD  step 49999 load imb.: force  0.2%
           Step           Time
          50000     1000.00000

   Energies (kJ/mol)
           Bond          Angle       G96Angle       CBT Dih.        LJ (SR)
    6.62896e+04    1.83070e+05    5.46633e+03    3.70042e+03   -8.11948e+05
   Coulomb (SR)      Potential    Kinetic En.   Total Energy  Conserved En.
    0.00000e+00   -5.53422e+05    2.97471e+05   -2.55951e+05   -8.16810e+05
    Temperature Pressure (bar)   Constr. rmsd
    3.00403e+02    1.33371e+00    4.98165e-06


DD  step 51999 load imb.: force  1.4%
           Step           Time
          52000     1040.00000

   Energies (kJ/mol)
           Bond          Angle       G96Angle       CBT Dih.        LJ (SR)
    6.57380e+04    1.83062e+05    5.65289e+03    3.49616e+03   -8.10186e+05
   Coulomb (SR)      Potential    Kinetic En.   Total Energy  Conserved En.
    0.00000e+00   -5.52238e+05    2.97706e+05   -2.54532e+05   -8.19026e+05
    Temperature Pressure (bar)   Constr. rmsd
    3.00640e+02   -1.73937e+01    4.98708e-06


DD  step 53999 load imb.: force  1.2%
           Step           Time
          54000     1080.00000

   Energies (kJ/mol)
           Bond          Angle       G96Angle       CBT Dih.        LJ (SR)
    6.67898e+04    1.83082e+05    5.38838e+03    3.65868e+03   -8.08553e+05
   Coulomb (SR)      Potential    Kinetic En.   Total Energy  Conserved En.
    0.00000e+00   -5.49634e+05    2.95706e+05   -2.53928e+05   -8.21104e+05
    Temperature Pressure (bar)   Constr. rmsd
    2.98620e+02   -1.45166e+01    4.95901e-06


DD  step 55999 load imb.: force  0.9%
           Step           Time
          56000     1120.00000

   Energies (kJ/mol)
           Bond          Angle       G96Angle       CBT Dih.        LJ (SR)
    6.64651e+04    1.83859e+05    5.50231e+03    3.56673e+03   -8.09798e+05
   Coulomb (SR)      Potential    Kinetic En.   Total Energy  Conserved En.
    0.00000e+00   -5.50405e+05    2.97855e+05   -2.52550e+05   -8.23354e+05
    Temperature Pressure (bar)   Constr. rmsd
    3.00791e+02   -3.73401e+01    5.08438e-06


DD  step 57999 load imb.: force  1.0%
           Step           Time
          58000     1160.00000

   Energies (kJ/mol)
           Bond          Angle       G96Angle       CBT Dih.        LJ (SR)
    6.69326e+04    1.83385e+05    5.58631e+03    3.64051e+03   -8.12676e+05
   Coulomb (SR)      Potential    Kinetic En.   Total Energy  Conserved En.
    0.00000e+00   -5.53132e+05    2.96237e+05   -2.56895e+05   -8.25467e+05
    Temperature Pressure (bar)   Constr. rmsd
    2.99157e+02    4.23892e+01    4.96087e-06


DD  step 59999 load imb.: force  0.7%
           Step           Time
          60000     1200.00000

   Energies (kJ/mol)
           Bond          Angle       G96Angle       CBT Dih.        LJ (SR)
    6.52728e+04    1.84091e+05    5.41584e+03    3.58944e+03   -8.10065e+05
   Coulomb (SR)      Potential    Kinetic En.   Total Energy  Conserved En.
    0.00000e+00   -5.51696e+05    2.98011e+05   -2.53684e+05   -8.27793e+05
    Temperature Pressure (bar)   Constr. rmsd
    3.00949e+02    1.02413e+01    5.12741e-06


DD  step 61999 load imb.: force  1.5%
           Step           Time
          62000     1240.00000

   Energies (kJ/mol)
           Bond          Angle       G96Angle       CBT Dih.        LJ (SR)
    6.62768e+04    1.84381e+05    5.61442e+03    3.69590e+03   -8.11460e+05
   Coulomb (SR)      Potential    Kinetic En.   Total Energy  Conserved En.
    0.00000e+00   -5.51492e+05    2.97150e+05   -2.54342e+05   -8.30026e+05
    Temperature Pressure (bar)   Constr. rmsd
    3.00079e+02   -3.44460e+01    4.94022e-06


DD  step 63999 load imb.: force  0.7%
           Step           Time
          64000     1280.00000

   Energies (kJ/mol)
           Bond          Angle       G96Angle       CBT Dih.        LJ (SR)
    6.61007e+04    1.84436e+05    5.63267e+03    3.64855e+03   -8.10439e+05
   Coulomb (SR)      Potential    Kinetic En.   Total Energy  Conserved En.
    0.00000e+00   -5.50621e+05    2.97227e+05   -2.53394e+05   -8.32140e+05
    Temperature Pressure (bar)   Constr. rmsd
    3.00157e+02   -2.22815e+01    5.04070e-06


DD  step 65999 load imb.: force  1.0%
           Step           Time
          66000     1320.00000

   Energies (kJ/mol)
           Bond          Angle       G96Angle       CBT Dih.        LJ (SR)
    6.65700e+04    1.84140e+05    5.46165e+03    3.59248e+03   -8.11954e+05
   Coulomb (SR)      Potential    Kinetic En.   Total Energy  Conserved En.
    0.00000e+00   -5.52190e+05    2.95794e+05   -2.56396e+05   -8.34333e+05
    Temperature Pressure (bar)   Constr. rmsd
    2.98710e+02   -1.98751e+01    4.97888e-06


DD  step 67999 load imb.: force  0.4%
           Step           Time
          68000     1360.00000

   Energies (kJ/mol)
           Bond          Angle       G96Angle       CBT Dih.        LJ (SR)
    6.62394e+04    1.82784e+05    5.56791e+03    3.53655e+03   -8.10630e+05
   Coulomb (SR)      Potential    Kinetic En.   Total Energy  Conserved En.
    0.00000e+00   -5.52501e+05    2.96219e+05   -2.56282e+05   -8.36624e+05
    Temperature Pressure (bar)   Constr. rmsd
    2.99138e+02   -2.86091e+01    4.92346e-06


DD  step 69999 load imb.: force  0.9%
           Step           Time
          70000     1400.00000

   Energies (kJ/mol)
           Bond          Angle       G96Angle       CBT Dih.        LJ (SR)
    6.59565e+04    1.84700e+05    5.46952e+03    3.62115e+03   -8.12149e+05
   Coulomb (SR)      Potential    Kinetic En.   Total Energy  Conserved En.
    0.00000e+00   -5.52402e+05    2.97907e+05   -2.54494e+05   -8.38715e+05
    Temperature Pressure (bar)   Constr. rmsd
    3.00844e+02    1.02578e+01    5.02185e-06


DD  step 71999 load imb.: force  0.9%
           Step           Time
          72000     1440.00000

   Energies (kJ/mol)
           Bond          Angle       G96Angle       CBT Dih.        LJ (SR)
    6.61653e+04    1.84545e+05    5.62338e+03    3.64680e+03   -8.11770e+05
   Coulomb (SR)      Potential    Kinetic En.   Total Energy  Conserved En.
    0.00000e+00   -5.51790e+05    2.98089e+05   -2.53700e+05   -8.40991e+05
    Temperature Pressure (bar)   Constr. rmsd
    3.01027e+02   -1.20943e+01    5.02189e-06


DD  step 73999 load imb.: force  1.0%
           Step           Time
          74000     1480.00000

   Energies (kJ/mol)
           Bond          Angle       G96Angle       CBT Dih.        LJ (SR)
    6.59542e+04    1.84043e+05    5.56816e+03    3.57128e+03   -8.13332e+05
   Coulomb (SR)      Potential    Kinetic En.   Total Energy  Conserved En.
    0.00000e+00   -5.54195e+05    2.98119e+05   -2.56076e+05   -8.43179e+05
    Temperature Pressure (bar)   Constr. rmsd
    3.01057e+02    3.26585e+01    4.99713e-06


DD  step 75999 load imb.: force  0.9%
           Step           Time
          76000     1520.00000

   Energies (kJ/mol)
           Bond          Angle       G96Angle       CBT Dih.        LJ (SR)
    6.60889e+04    1.83227e+05    5.39417e+03    3.59185e+03   -8.12774e+05
   Coulomb (SR)      Potential    Kinetic En.   Total Energy  Conserved En.
    0.00000e+00   -5.54472e+05    2.97439e+05   -2.57033e+05   -8.45377e+05
    Temperature Pressure (bar)   Constr. rmsd
    3.00371e+02   -1.51406e+01    4.93402e-06


DD  step 77999 load imb.: force  1.2%
           Step           Time
          78000     1560.00000

   Energies (kJ/mol)
           Bond          Angle       G96Angle       CBT Dih.        LJ (SR)
    6.58963e+04    1.83856e+05    5.44004e+03    3.62035e+03   -8.12281e+05
   Coulomb (SR)      Potential    Kinetic En.   Total Energy  Conserved En.
    0.00000e+00   -5.53469e+05    2.97262e+05   -2.56207e+05   -8.47691e+05
    Temperature Pressure (bar)   Constr. rmsd
    3.00192e+02   -4.77099e+00    5.00568e-06


DD  step 79999 load imb.: force  2.3%
           Step           Time
          80000     1600.00000

   Energies (kJ/mol)
           Bond          Angle       G96Angle       CBT Dih.        LJ (SR)
    6.63235e+04    1.82756e+05    5.74278e+03    3.54357e+03   -8.12443e+05
   Coulomb (SR)      Potential    Kinetic En.   Total Energy  Conserved En.
    0.00000e+00   -5.54077e+05    2.97095e+05   -2.56982e+05   -8.49957e+05
    Temperature Pressure (bar)   Constr. rmsd
    3.00023e+02    4.62228e+01    4.98035e-06


DD  step 81999 load imb.: force  1.0%
           Step           Time
          82000     1640.00000

   Energies (kJ/mol)
           Bond          Angle       G96Angle       CBT Dih.        LJ (SR)
    6.57179e+04    1.83985e+05    5.48712e+03    3.63890e+03   -8.12999e+05
   Coulomb (SR)      Potential    Kinetic En.   Total Energy  Conserved En.
    0.00000e+00   -5.54171e+05    2.98123e+05   -2.56048e+05   -8.52169e+05
    Temperature Pressure (bar)   Constr. rmsd
    3.01062e+02   -4.00308e+01    5.03150e-06


DD  step 83999 load imb.: force  1.3%
           Step           Time
          84000     1680.00000

   Energies (kJ/mol)
           Bond          Angle       G96Angle       CBT Dih.        LJ (SR)
    6.62341e+04    1.83698e+05    5.58941e+03    3.56161e+03   -8.12567e+05
   Coulomb (SR)      Potential    Kinetic En.   Total Energy  Conserved En.
    0.00000e+00   -5.53484e+05    2.96566e+05   -2.56918e+05   -8.54208e+05
    Temperature Pressure (bar)   Constr. rmsd
    2.99489e+02    2.34000e+01    4.96196e-06


DD  step 85999 load imb.: force  1.0%
           Step           Time
          86000     1720.00000

   Energies (kJ/mol)
           Bond          Angle       G96Angle       CBT Dih.        LJ (SR)
    6.54605e+04    1.84384e+05    5.76428e+03    3.50876e+03   -8.14962e+05
   Coulomb (SR)      Potential    Kinetic En.   Total Energy  Conserved En.
    0.00000e+00   -5.55844e+05    2.96461e+05   -2.59383e+05   -8.56486e+05
    Temperature Pressure (bar)   Constr. rmsd
    2.99383e+02    1.30981e+00    4.95616e-06


DD  step 87999 load imb.: force  0.9%
           Step           Time
          88000     1760.00000

   Energies (kJ/mol)
           Bond          Angle       G96Angle       CBT Dih.        LJ (SR)
    6.59898e+04    1.84647e+05    5.69756e+03    3.65219e+03   -8.14569e+05
   Coulomb (SR)      Potential    Kinetic En.   Total Energy  Conserved En.
    0.00000e+00   -5.54583e+05    2.97302e+05   -2.57280e+05   -8.58532e+05
    Temperature Pressure (bar)   Constr. rmsd
    3.00233e+02    5.98995e+00    5.01969e-06


DD  step 89999 load imb.: force  1.4%
           Step           Time
          90000     1800.00000

   Energies (kJ/mol)
           Bond          Angle       G96Angle       CBT Dih.        LJ (SR)
    6.63246e+04    1.83197e+05    5.57408e+03    3.59407e+03   -8.13391e+05
   Coulomb (SR)      Potential    Kinetic En.   Total Energy  Conserved En.
    0.00000e+00   -5.54701e+05    2.97734e+05   -2.56967e+05   -8.60811e+05
    Temperature Pressure (bar)   Constr. rmsd
    3.00669e+02    1.75787e+01    4.98764e-06


DD  step 91999 load imb.: force  1.0%
           Step           Time
          92000     1840.00000

   Energies (kJ/mol)
           Bond          Angle       G96Angle       CBT Dih.        LJ (SR)
    6.63184e+04    1.84446e+05    5.49416e+03    3.50744e+03   -8.12183e+05
   Coulomb (SR)      Potential    Kinetic En.   Total Energy  Conserved En.
    0.00000e+00   -5.52417e+05    2.96526e+05   -2.55890e+05   -8.63004e+05
    Temperature Pressure (bar)   Constr. rmsd
    2.99449e+02   -7.22027e+00    5.08386e-06


DD  step 93999 load imb.: force  0.9%
           Step           Time
          94000     1880.00000

   Energies (kJ/mol)
           Bond          Angle       G96Angle       CBT Dih.        LJ (SR)
    6.61281e+04    1.83842e+05    5.64261e+03    3.47462e+03   -8.14002e+05
   Coulomb (SR)      Potential    Kinetic En.   Total Energy  Conserved En.
    0.00000e+00   -5.54915e+05    2.98284e+05   -2.56632e+05   -8.65274e+05
    Temperature Pressure (bar)   Constr. rmsd
    3.01224e+02   -5.50638e+00    5.03795e-06


DD  step 95999 load imb.: force  1.0%
           Step           Time
          96000     1920.00000

   Energies (kJ/mol)
           Bond          Angle       G96Angle       CBT Dih.        LJ (SR)
    6.57871e+04    1.83912e+05    5.81789e+03    3.53446e+03   -8.11640e+05
   Coulomb (SR)      Potential    Kinetic En.   Total Energy  Conserved En.
    0.00000e+00   -5.52588e+05    2.96961e+05   -2.55627e+05   -8.67398e+05
    Temperature Pressure (bar)   Constr. rmsd
    2.99888e+02    2.22787e+01    5.00883e-06


DD  step 97999 load imb.: force  0.9%
           Step           Time
          98000     1960.00000

   Energies (kJ/mol)
           Bond          Angle       G96Angle       CBT Dih.        LJ (SR)
    6.64682e+04    1.84330e+05    5.58505e+03    3.68763e+03   -8.15133e+05
   Coulomb (SR)      Potential    Kinetic En.   Total Energy  Conserved En.
    0.00000e+00   -5.55062e+05    2.98728e+05   -2.56334e+05   -8.69548e+05
    Temperature Pressure (bar)   Constr. rmsd
    3.01672e+02    5.44466e+01    5.05468e-06


DD  step 99999 load imb.: force  0.8%
           Step           Time
         100000     2000.00000

   Energies (kJ/mol)
           Bond          Angle       G96Angle       CBT Dih.        LJ (SR)
    6.62751e+04    1.83168e+05    5.74733e+03    3.59812e+03   -8.11407e+05
   Coulomb (SR)      Potential    Kinetic En.   Total Energy  Conserved En.
    0.00000e+00   -5.52619e+05    2.96261e+05   -2.56358e+05   -8.71753e+05
    Temperature Pressure (bar)   Constr. rmsd
    2.99181e+02    7.49228e+00    5.02233e-06


DD  step 101999 load imb.: force  1.0%
           Step           Time
         102000     2040.00000

   Energies (kJ/mol)
           Bond          Angle       G96Angle       CBT Dih.        LJ (SR)
    6.53576e+04    1.83928e+05    5.39199e+03    3.70820e+03   -8.10890e+05
   Coulomb (SR)      Potential    Kinetic En.   Total Energy  Conserved En.
    0.00000e+00   -5.52504e+05    2.95680e+05   -2.56824e+05   -8.74073e+05
    Temperature Pressure (bar)   Constr. rmsd
    2.98594e+02   -1.95877e+01    4.88308e-06


DD  step 103999 load imb.: force  1.0%
           Step           Time
         104000     2080.00000

   Energies (kJ/mol)
           Bond          Angle       G96Angle       CBT Dih.        LJ (SR)
    6.60957e+04    1.82959e+05    5.71388e+03    3.62652e+03   -8.12677e+05
   Coulomb (SR)      Potential    Kinetic En.   Total Energy  Conserved En.
    0.00000e+00   -5.54281e+05    2.96748e+05   -2.57533e+05   -8.76228e+05
    Temperature Pressure (bar)   Constr. rmsd
    2.99673e+02   -2.05914e+01    4.99602e-06


DD  step 105999 load imb.: force  0.9%
           Step           Time
         106000     2120.00000

   Energies (kJ/mol)
           Bond          Angle       G96Angle       CBT Dih.        LJ (SR)
    6.57291e+04    1.83561e+05    5.34570e+03    3.76178e+03   -8.12372e+05
   Coulomb (SR)      Potential    Kinetic En.   Total Energy  Conserved En.
    0.00000e+00   -5.53974e+05    2.97034e+05   -2.56939e+05   -8.78548e+05
    Temperature Pressure (bar)   Constr. rmsd
    2.99962e+02   -1.09591e+01    5.02188e-06


DD  step 107999 load imb.: force  1.0%
           Step           Time
         108000     2160.00000

   Energies (kJ/mol)
           Bond          Angle       G96Angle       CBT Dih.        LJ (SR)
    6.58958e+04    1.84366e+05    5.61875e+03    3.67180e+03   -8.13452e+05
   Coulomb (SR)      Potential    Kinetic En.   Total Energy  Conserved En.
    0.00000e+00   -5.53900e+05    2.97616e+05   -2.56283e+05   -8.80724e+05
    Temperature Pressure (bar)   Constr. rmsd
    3.00550e+02    4.03233e+01    5.02858e-06


DD  step 109999 load imb.: force  0.9%
           Step           Time
         110000     2200.00000

   Energies (kJ/mol)
           Bond          Angle       G96Angle       CBT Dih.        LJ (SR)
    6.59398e+04    1.83501e+05    5.59562e+03    3.58609e+03   -8.13263e+05
   Coulomb (SR)      Potential    Kinetic En.   Total Energy  Conserved En.
    0.00000e+00   -5.54641e+05    2.97987e+05   -2.56654e+05   -8.83019e+05
    Temperature Pressure (bar)   Constr. rmsd
    3.00924e+02   -3.27843e+00    5.07334e-06


DD  step 111999 load imb.: force  1.0%
           Step           Time
         112000     2240.00000

   Energies (kJ/mol)
           Bond          Angle       G96Angle       CBT Dih.        LJ (SR)
    6.55986e+04    1.83183e+05    5.56591e+03    3.64800e+03   -8.13250e+05
   Coulomb (SR)      Potential    Kinetic En.   Total Energy  Conserved En.
    0.00000e+00   -5.55254e+05    2.96506e+05   -2.58747e+05   -8.85198e+05
    Temperature Pressure (bar)   Constr. rmsd
    2.99429e+02   -2.27773e+01    4.97151e-06


DD  step 113999 load imb.: force  0.5%
           Step           Time
         114000     2280.00000

   Energies (kJ/mol)
           Bond          Angle       G96Angle       CBT Dih.        LJ (SR)
    6.52797e+04    1.83814e+05    5.97361e+03    3.49004e+03   -8.16384e+05
   Coulomb (SR)      Potential    Kinetic En.   Total Energy  Conserved En.
    0.00000e+00   -5.57826e+05    2.97797e+05   -2.60030e+05   -8.87355e+05
    Temperature Pressure (bar)   Constr. rmsd
    3.00732e+02    5.31598e+01    5.01420e-06


DD  step 115999 load imb.: force  1.3%
           Step           Time
         116000     2320.00000

   Energies (kJ/mol)
           Bond          Angle       G96Angle       CBT Dih.        LJ (SR)
    6.62233e+04    1.85019e+05    5.54014e+03    3.62833e+03   -8.14796e+05
   Coulomb (SR)      Potential    Kinetic En.   Total Energy  Conserved En.
    0.00000e+00   -5.54386e+05    2.97833e+05   -2.56553e+05   -8.89516e+05
    Temperature Pressure (bar)   Constr. rmsd
    3.00768e+02    6.55355e+00    4.93599e-06


DD  step 117999 load imb.: force  1.7%
           Step           Time
         118000     2360.00000

   Energies (kJ/mol)
           Bond          Angle       G96Angle       CBT Dih.        LJ (SR)
    6.52751e+04    1.82797e+05    5.51199e+03    3.61255e+03   -8.12682e+05
   Coulomb (SR)      Potential    Kinetic En.   Total Energy  Conserved En.
    0.00000e+00   -5.55485e+05    2.97579e+05   -2.57906e+05   -8.91887e+05
    Temperature Pressure (bar)   Constr. rmsd
    3.00512e+02   -1.37745e+01    4.99127e-06


DD  step 119999 load imb.: force  0.4%
           Step           Time
         120000     2400.00000

   Energies (kJ/mol)
           Bond          Angle       G96Angle       CBT Dih.        LJ (SR)
    6.56231e+04    1.83433e+05    5.68781e+03    3.59841e+03   -8.10652e+05
   Coulomb (SR)      Potential    Kinetic En.   Total Energy  Conserved En.
    0.00000e+00   -5.52310e+05    2.96979e+05   -2.55330e+05   -8.93960e+05
    Temperature Pressure (bar)   Constr. rmsd
    2.99906e+02   -5.17661e+01    4.92571e-06


DD  step 121999 load imb.: force  1.0%
           Step           Time
         122000     2440.00000

   Energies (kJ/mol)
           Bond          Angle       G96Angle       CBT Dih.        LJ (SR)
    6.61343e+04    1.84065e+05    5.36993e+03    3.72675e+03   -8.14628e+05
   Coulomb (SR)      Potential    Kinetic En.   Total Energy  Conserved En.
    0.00000e+00   -5.55332e+05    2.99116e+05   -2.56216e+05   -8.96165e+05
    Temperature Pressure (bar)   Constr. rmsd
    3.02064e+02    2.53892e+01    5.08828e-06


DD  step 123999 load imb.: force  0.0%
           Step           Time
         124000     2480.00000

   Energies (kJ/mol)
           Bond          Angle       G96Angle       CBT Dih.        LJ (SR)
    6.56818e+04    1.82856e+05    5.52916e+03    3.61501e+03   -8.14789e+05
   Coulomb (SR)      Potential    Kinetic En.   Total Energy  Conserved En.
    0.00000e+00   -5.57107e+05    2.96913e+05   -2.60194e+05   -8.98476e+05
    Temperature Pressure (bar)   Constr. rmsd
    2.99839e+02    2.10378e+01    5.02210e-06


DD  step 125999 load imb.: force  0.8%
           Step           Time
         126000     2520.00000

   Energies (kJ/mol)
           Bond          Angle       G96Angle       CBT Dih.        LJ (SR)
    6.59762e+04    1.83963e+05    5.51890e+03    3.62901e+03   -8.13669e+05
   Coulomb (SR)      Potential    Kinetic En.   Total Energy  Conserved En.
    0.00000e+00   -5.54582e+05    2.98115e+05   -2.56467e+05   -9.00713e+05
    Temperature Pressure (bar)   Constr. rmsd
    3.01053e+02   -1.00515e+01    4.95885e-06


DD  step 127999 load imb.: force  0.3%
           Step           Time
         128000     2560.00000

   Energies (kJ/mol)
           Bond          Angle       G96Angle       CBT Dih.        LJ (SR)
    6.50880e+04    1.83949e+05    5.48734e+03    3.64734e+03   -8.13281e+05
   Coulomb (SR)      Potential    Kinetic En.   Total Energy  Conserved En.
    0.00000e+00   -5.55109e+05    2.95895e+05   -2.59214e+05   -9.02931e+05
    Temperature Pressure (bar)   Constr. rmsd
    2.98811e+02   -1.02631e+01    4.97222e-06


DD  step 129999 load imb.: force  0.6%
           Step           Time
         130000     2600.00000

   Energies (kJ/mol)
           Bond          Angle       G96Angle       CBT Dih.        LJ (SR)
    6.52268e+04    1.83263e+05    5.42081e+03    3.63770e+03   -8.14602e+05
   Coulomb (SR)      Potential    Kinetic En.   Total Energy  Conserved En.
    0.00000e+00   -5.57054e+05    2.97229e+05   -2.59825e+05   -9.05250e+05
    Temperature Pressure (bar)   Constr. rmsd
    3.00158e+02   -1.55359e+01    4.97639e-06


DD  step 131999 load imb.: force  1.1%
           Step           Time
         132000     2640.00000

   Energies (kJ/mol)
           Bond          Angle       G96Angle       CBT Dih.        LJ (SR)
    6.60801e+04    1.83897e+05    5.32983e+03    3.53717e+03   -8.14912e+05
   Coulomb (SR)      Potential    Kinetic En.   Total Energy  Conserved En.
    0.00000e+00   -5.56069e+05    2.98083e+05   -2.57986e+05   -9.07496e+05
    Temperature Pressure (bar)   Constr. rmsd
    3.01021e+02   -9.68858e+00    4.92801e-06


DD  step 133999 load imb.: force  0.7%
           Step           Time
         134000     2680.00000

   Energies (kJ/mol)
           Bond          Angle       G96Angle       CBT Dih.        LJ (SR)
    6.58589e+04    1.83704e+05    5.82688e+03    3.57195e+03   -8.15148e+05
   Coulomb (SR)      Potential    Kinetic En.   Total Energy  Conserved En.
    0.00000e+00   -5.56187e+05    2.97436e+05   -2.58751e+05   -9.09710e+05
    Temperature Pressure (bar)   Constr. rmsd
    3.00368e+02    4.37480e-01    5.03762e-06


DD  step 135999 load imb.: force  1.5%
           Step           Time
         136000     2720.00000

   Energies (kJ/mol)
           Bond          Angle       G96Angle       CBT Dih.        LJ (SR)
    6.57259e+04    1.83586e+05    5.56900e+03    3.56882e+03   -8.14253e+05
   Coulomb (SR)      Potential    Kinetic En.   Total Energy  Conserved En.
    0.00000e+00   -5.55804e+05    2.95989e+05   -2.59814e+05   -9.11771e+05
    Temperature Pressure (bar)   Constr. rmsd
    2.98906e+02    4.12875e+00    4.95171e-06


DD  step 137999 load imb.: force  1.1%
           Step           Time
         138000     2760.00000

   Energies (kJ/mol)
           Bond          Angle       G96Angle       CBT Dih.        LJ (SR)
    6.67430e+04    1.85073e+05    5.48808e+03    3.61273e+03   -8.15365e+05
   Coulomb (SR)      Potential    Kinetic En.   Total Energy  Conserved En.
    0.00000e+00   -5.54448e+05    2.96632e+05   -2.57816e+05   -9.13800e+05
    Temperature Pressure (bar)   Constr. rmsd
    2.99556e+02    3.11922e+01    4.92806e-06


DD  step 139999 load imb.: force  0.5%
           Step           Time
         140000     2800.00000

   Energies (kJ/mol)
           Bond          Angle       G96Angle       CBT Dih.        LJ (SR)
    6.59720e+04    1.83512e+05    5.43200e+03    3.71464e+03   -8.14870e+05
   Coulomb (SR)      Potential    Kinetic En.   Total Energy  Conserved En.
    0.00000e+00   -5.56239e+05    2.97034e+05   -2.59205e+05   -9.16112e+05
    Temperature Pressure (bar)   Constr. rmsd
    2.99961e+02    1.31938e+00    5.08205e-06


DD  step 141999 load imb.: force  1.0%
           Step           Time
         142000     2840.00000

   Energies (kJ/mol)
           Bond          Angle       G96Angle       CBT Dih.        LJ (SR)
    6.53680e+04    1.83435e+05    5.52599e+03    3.55729e+03   -8.15000e+05
   Coulomb (SR)      Potential    Kinetic En.   Total Energy  Conserved En.
    0.00000e+00   -5.57115e+05    2.96380e+05   -2.60735e+05   -9.18189e+05
    Temperature Pressure (bar)   Constr. rmsd
    2.99301e+02   -5.63073e+00    4.95383e-06


DD  step 143999 load imb.: force  1.2%
           Step           Time
         144000     2880.00000

   Energies (kJ/mol)
           Bond          Angle       G96Angle       CBT Dih.        LJ (SR)
    6.58864e+04    1.83252e+05    5.56334e+03    3.67183e+03   -8.14628e+05
   Coulomb (SR)      Potential    Kinetic En.   Total Energy  Conserved En.
    0.00000e+00   -5.56254e+05    2.98311e+05   -2.57943e+05   -9.20537e+05
    Temperature Pressure (bar)   Constr. rmsd
    3.01252e+02   -1.65133e+01    5.07902e-06


DD  step 145999 load imb.: force  0.6%
           Step           Time
         146000     2920.00000

   Energies (kJ/mol)
           Bond          Angle       G96Angle       CBT Dih.        LJ (SR)
    6.60042e+04    1.83707e+05    5.45017e+03    3.51355e+03   -8.15266e+05
   Coulomb (SR)      Potential    Kinetic En.   Total Energy  Conserved En.
    0.00000e+00   -5.56591e+05    2.98013e+05   -2.58578e+05   -9.22692e+05
    Temperature Pressure (bar)   Constr. rmsd
    3.00950e+02   -2.73624e+01    4.97657e-06


DD  step 147999 load imb.: force  0.5%
           Step           Time
         148000     2960.00000

   Energies (kJ/mol)
           Bond          Angle       G96Angle       CBT Dih.        LJ (SR)
    6.58549e+04    1.83629e+05    5.44657e+03    3.62184e+03   -8.14896e+05
   Coulomb (SR)      Potential    Kinetic En.   Total Energy  Conserved En.
    0.00000e+00   -5.56344e+05    2.96926e+05   -2.59418e+05   -9.24822e+05
    Temperature Pressure (bar)   Constr. rmsd
    2.99853e+02   -2.26031e+01    4.92725e-06


DD  step 149999 load imb.: force  0.9%
           Step           Time
         150000     3000.00000

   Energies (kJ/mol)
           Bond          Angle       G96Angle       CBT Dih.        LJ (SR)
    6.62217e+04    1.82948e+05    5.51801e+03    3.61591e+03   -8.13290e+05
   Coulomb (SR)      Potential    Kinetic En.   Total Energy  Conserved En.
    0.00000e+00   -5.54987e+05    2.97772e+05   -2.57215e+05   -9.27020e+05
    Temperature Pressure (bar)   Constr. rmsd
    3.00707e+02    1.28350e+01    4.98433e-06


DD  step 151999 load imb.: force  0.3%
           Step           Time
         152000     3040.00000

   Energies (kJ/mol)
           Bond          Angle       G96Angle       CBT Dih.        LJ (SR)
    6.55134e+04    1.82656e+05    5.42632e+03    3.54581e+03   -8.14280e+05
   Coulomb (SR)      Potential    Kinetic En.   Total Energy  Conserved En.
    0.00000e+00   -5.57138e+05    2.96172e+05   -2.60967e+05   -9.29230e+05
    Temperature Pressure (bar)   Constr. rmsd
    2.99091e+02   -3.41929e+01    4.99928e-06


DD  step 153999 load imb.: force  1.0%
           Step           Time
         154000     3080.00000

   Energies (kJ/mol)
           Bond          Angle       G96Angle       CBT Dih.        LJ (SR)
    6.51260e+04    1.83140e+05    5.54356e+03    3.57735e+03   -8.14530e+05
   Coulomb (SR)      Potential    Kinetic En.   Total Energy  Conserved En.
    0.00000e+00   -5.57143e+05    2.95199e+05   -2.61944e+05   -9.31392e+05
    Temperature Pressure (bar)   Constr. rmsd
    2.98109e+02   -4.73654e+01    4.93555e-06


DD  step 155999 load imb.: force  1.0%
           Step           Time
         156000     3120.00000

   Energies (kJ/mol)
           Bond          Angle       G96Angle       CBT Dih.        LJ (SR)
    6.63543e+04    1.84455e+05    5.60912e+03    3.62281e+03   -8.15793e+05
   Coulomb (SR)      Potential    Kinetic En.   Total Energy  Conserved En.
    0.00000e+00   -5.55751e+05    2.96893e+05   -2.58858e+05   -9.33535e+05
    Temperature Pressure (bar)   Constr. rmsd
    2.99819e+02    7.98881e+00    4.93815e-06


DD  step 157999 load imb.: force  0.9%
           Step           Time
         158000     3160.00000

   Energies (kJ/mol)
           Bond          Angle       G96Angle       CBT Dih.        LJ (SR)
    6.54713e+04    1.82934e+05    5.56868e+03    3.69089e+03   -8.14890e+05
   Coulomb (SR)      Potential    Kinetic En.   Total Energy  Conserved En.
    0.00000e+00   -5.57225e+05    2.97741e+05   -2.59484e+05   -9.35436e+05
    Temperature Pressure (bar)   Constr. rmsd
    3.00676e+02   -1.67383e+01    5.01903e-06


DD  step 159999 load imb.: force  2.1%
           Step           Time
         160000     3200.00000

   Energies (kJ/mol)
           Bond          Angle       G96Angle       CBT Dih.        LJ (SR)
    6.57239e+04    1.83064e+05    5.57841e+03    3.59911e+03   -8.15658e+05
   Coulomb (SR)      Potential    Kinetic En.   Total Energy  Conserved En.
    0.00000e+00   -5.57693e+05    2.96785e+05   -2.60907e+05   -9.37537e+05
    Temperature Pressure (bar)   Constr. rmsd
    2.99710e+02    1.54658e+01    4.97879e-06


DD  step 161999 load imb.: force  1.0%
           Step           Time
         162000     3240.00000

   Energies (kJ/mol)
           Bond          Angle       G96Angle       CBT Dih.        LJ (SR)
    6.61708e+04    1.83050e+05    5.75745e+03    3.57919e+03   -8.13987e+05
   Coulomb (SR)      Potential    Kinetic En.   Total Energy  Conserved En.
    0.00000e+00   -5.55430e+05    2.97632e+05   -2.57798e+05   -9.39851e+05
    Temperature Pressure (bar)   Constr. rmsd
    3.00565e+02   -1.21467e+01    5.07586e-06


DD  step 163999 load imb.: force  1.0%
           Step           Time
         164000     3280.00000

   Energies (kJ/mol)
           Bond          Angle       G96Angle       CBT Dih.        LJ (SR)
    6.60345e+04    1.84949e+05    5.40378e+03    3.57905e+03   -8.14960e+05
   Coulomb (SR)      Potential    Kinetic En.   Total Energy  Conserved En.
    0.00000e+00   -5.54994e+05    2.95851e+05   -2.59143e+05   -9.41957e+05
    Temperature Pressure (bar)   Constr. rmsd
    2.98767e+02    8.60123e-01    4.91487e-06


DD  step 165999 load imb.: force  1.1%
           Step           Time
         166000     3320.00000

   Energies (kJ/mol)
           Bond          Angle       G96Angle       CBT Dih.        LJ (SR)
    6.61789e+04    1.82895e+05    5.80977e+03    3.51030e+03   -8.16738e+05
   Coulomb (SR)      Potential    Kinetic En.   Total Energy  Conserved En.
    0.00000e+00   -5.58345e+05    2.97096e+05   -2.61249e+05   -9.44207e+05
    Temperature Pressure (bar)   Constr. rmsd
    3.00024e+02   -5.57277e+00    5.05838e-06


DD  step 167999 load imb.: force  0.4%
           Step           Time
         168000     3360.00000

   Energies (kJ/mol)
           Bond          Angle       G96Angle       CBT Dih.        LJ (SR)
    6.54422e+04    1.83664e+05    5.70197e+03    3.54500e+03   -8.16908e+05
   Coulomb (SR)      Potential    Kinetic En.   Total Energy  Conserved En.
    0.00000e+00   -5.58555e+05    2.96513e+05   -2.62041e+05   -9.46375e+05
    Temperature Pressure (bar)   Constr. rmsd
    2.99436e+02    1.84801e+01    4.97749e-06


DD  step 169999 load imb.: force  0.5%
           Step           Time
         170000     3400.00000

   Energies (kJ/mol)
           Bond          Angle       G96Angle       CBT Dih.        LJ (SR)
    6.58200e+04    1.83978e+05    5.63806e+03    3.48374e+03   -8.14926e+05
   Coulomb (SR)      Potential    Kinetic En.   Total Energy  Conserved En.
    0.00000e+00   -5.56006e+05    2.97557e+05   -2.58449e+05   -9.48555e+05
    Temperature Pressure (bar)   Constr. rmsd
    3.00490e+02    5.94564e+00    4.93540e-06


DD  step 171999 load imb.: force  0.4%
           Step           Time
         172000     3440.00000

   Energies (kJ/mol)
           Bond          Angle       G96Angle       CBT Dih.        LJ (SR)
    6.50645e+04    1.83479e+05    5.74100e+03    3.56813e+03   -8.15534e+05
   Coulomb (SR)      Potential    Kinetic En.   Total Energy  Conserved En.
    0.00000e+00   -5.57681e+05    2.96245e+05   -2.61436e+05   -9.50885e+05
    Temperature Pressure (bar)   Constr. rmsd
    2.99164e+02    6.10998e+00    4.89707e-06


DD  step 173999 load imb.: force  1.0%
           Step           Time
         174000     3480.00000

   Energies (kJ/mol)
           Bond          Angle       G96Angle       CBT Dih.        LJ (SR)
    6.51106e+04    1.82242e+05    5.48009e+03    3.54112e+03   -8.15718e+05
   Coulomb (SR)      Potential    Kinetic En.   Total Energy  Conserved En.
    0.00000e+00   -5.59344e+05    2.95431e+05   -2.63913e+05   -9.53094e+05
    Temperature Pressure (bar)   Constr. rmsd
    2.98343e+02   -2.42471e+01    4.92695e-06


DD  step 175999 load imb.: force  0.5%
           Step           Time
         176000     3520.00000

   Energies (kJ/mol)
           Bond          Angle       G96Angle       CBT Dih.        LJ (SR)
    6.60773e+04    1.83317e+05    5.70118e+03    3.43547e+03   -8.14243e+05
   Coulomb (SR)      Potential    Kinetic En.   Total Energy  Conserved En.
    0.00000e+00   -5.55712e+05    2.97093e+05   -2.58619e+05   -9.55364e+05
    Temperature Pressure (bar)   Constr. rmsd
    3.00021e+02   -4.67009e+01    4.97620e-06


DD  step 177999 load imb.: force  1.8%
           Step           Time
         178000     3560.00000

   Energies (kJ/mol)
           Bond          Angle       G96Angle       CBT Dih.        LJ (SR)
    6.60637e+04    1.82778e+05    5.55236e+03    3.50576e+03   -8.14622e+05
   Coulomb (SR)      Potential    Kinetic En.   Total Energy  Conserved En.
    0.00000e+00   -5.56722e+05    2.96664e+05   -2.60058e+05   -9.57440e+05
    Temperature Pressure (bar)   Constr. rmsd
    2.99588e+02   -4.53507e+01    4.95990e-06


DD  step 179999 load imb.: force  0.0%
           Step           Time
         180000     3600.00000

   Energies (kJ/mol)
           Bond          Angle       G96Angle       CBT Dih.        LJ (SR)
    6.56071e+04    1.83125e+05    5.66357e+03    3.51640e+03   -8.15850e+05
   Coulomb (SR)      Potential    Kinetic En.   Total Energy  Conserved En.
    0.00000e+00   -5.57938e+05    2.96738e+05   -2.61199e+05   -9.59732e+05
    Temperature Pressure (bar)   Constr. rmsd
    2.99663e+02   -4.05464e+00    4.95925e-06


DD  step 181999 load imb.: force  0.9%
           Step           Time
         182000     3640.00000

   Energies (kJ/mol)
           Bond          Angle       G96Angle       CBT Dih.        LJ (SR)
    6.52438e+04    1.82139e+05    5.67426e+03    3.63015e+03   -8.14235e+05
   Coulomb (SR)      Potential    Kinetic En.   Total Energy  Conserved En.
    0.00000e+00   -5.57548e+05    2.94311e+05   -2.63