                   :-) GROMACS - gmx mdrun, 2021-MODIFIED (-:

                            GROMACS is written by:
     Andrey Alekseenko              Emile Apol              Rossen Apostolov     
         Paul Bauer           Herman J.C. Berendsen           Par Bjelkmar       
       Christian Blau           Viacheslav Bolnykh             Kevin Boyd        
     Aldert van Buuren           Rudi van Drunen             Anton Feenstra      
    Gilles Gouaillardet             Alan Gray               Gerrit Groenhof      
       Anca Hamuraru            Vincent Hindriksen          M. Eric Irrgang      
      Aleksei Iupinov           Christoph Junghans             Joe Jordan        
    Dimitrios Karkoulis            Peter Kasson                Jiri Kraus        
      Carsten Kutzner              Per Larsson              Justin A. Lemkul     
       Viveca Lindahl            Magnus Lundborg             Erik Marklund       
        Pascal Merz             Pieter Meulenhoff            Teemu Murtola       
        Szilard Pall               Sander Pronk              Roland Schulz       
       Michael Shirts            Alexey Shvetsov             Alfons Sijbers      
       Peter Tieleman              Jon Vincent              Teemu Virolainen     
     Christian Wennberg            Maarten Wolf              Artem Zhmurov       
                           and the project leaders:
        Mark Abraham, Berk Hess, Erik Lindahl, and David van der Spoel

Copyright (c) 1991-2000, University of Groningen, The Netherlands.
Copyright (c) 2001-2019, The GROMACS development team at
Uppsala University, Stockholm University and
the Royal Institute of Technology, Sweden.
check out http://www.gromacs.org for more information.

GROMACS is free software; you can redistribute it and/or modify it
under the terms of the GNU Lesser General Public License
as published by the Free Software Foundation; either version 2.1
of the License, or (at your option) any later version.

GROMACS:      gmx mdrun, version 2021-MODIFIED
Executable:   /usr/local/gromacs/bin/gmx_mpi
Data prefix:  /usr/local/gromacs
Working dir:  /home/mat/gromacs/MARTINI/surface_paper/PEO/2024/75_long_25_short
Process ID:   118
Command line:
  gmx_mpi mdrun -deffnm blend_extend_NPT -nb gpu -v

GROMACS version:    2021-MODIFIED
This program has been built from source code that has been altered and does not match the code released as part of the official GROMACS version 2021-MODIFIED. If you did not intend to use an altered GROMACS version, make sure to download an intact source distribution and compile that before proceeding.
If you have modified the source code, you are strongly encouraged to set your custom version suffix (using -DGMX_VERSION_STRING_OF_FORK) which will can help later with scientific reproducibility but also when reporting bugs.
Release checksum: 3e06a5865d6ff726fc417dea8d55afd37ac3cbb94c02c54c76d7a881c49c5dd8
Computed checksum: 2b9a5dbb23c0f281bc103cb058692a2f421b8ad968c6fbe3eb862c7ced97b968
Precision:          mixed
Memory model:       64 bit
MPI library:        MPI
OpenMP support:     enabled (GMX_OPENMP_MAX_THREADS = 64)
GPU support:        CUDA
SIMD instructions:  AVX2_256
FFT library:        fftw-3.3.8-sse2-avx-avx2-avx2_128
RDTSCP usage:       enabled
TNG support:        enabled
Hwloc support:      disabled
Tracing support:    disabled
C compiler:         /usr/bin/cc GNU 7.5.0
C compiler flags:   -mavx2 -mfma -pthread -Wno-missing-field-initializers -fexcess-precision=fast -funroll-all-loops -pthread -O3 -DNDEBUG
C++ compiler:       /usr/bin/c++ GNU 7.5.0
C++ compiler flags: -mavx2 -mfma -pthread -Wno-missing-field-initializers -fexcess-precision=fast -funroll-all-loops -pthread -fopenmp -O3 -DNDEBUG
CUDA compiler:      /usr/local/cuda/bin/nvcc nvcc: NVIDIA (R) Cuda compiler driver;Copyright (c) 2005-2018 NVIDIA Corporation;Built on Sat_Aug_25_21:08:01_CDT_2018;Cuda compilation tools, release 10.0, V10.0.130
CUDA compiler flags:-std=c++14;-gencode;arch=compute_30,code=sm_30;-gencode;arch=compute_35,code=sm_35;-gencode;arch=compute_37,code=sm_37;-gencode;arch=compute_50,code=sm_50;-gencode;arch=compute_52,code=sm_52;-gencode;arch=compute_60,code=sm_60;-gencode;arch=compute_61,code=sm_61;-gencode;arch=compute_70,code=sm_70;-gencode;arch=compute_35,code=compute_35;-gencode;arch=compute_50,code=compute_50;-gencode;arch=compute_52,code=compute_52;-gencode;arch=compute_60,code=compute_60;-gencode;arch=compute_61,code=compute_61;-gencode;arch=compute_70,code=compute_70;-gencode;arch=compute_75,code=compute_75;-use_fast_math;-D_FORCE_INLINES;-mavx2 -mfma -pthread -Wno-missing-field-initializers -fexcess-precision=fast -funroll-all-loops -pthread -fopenmp -O3 -DNDEBUG
CUDA driver:        11.60
CUDA runtime:       10.0


Running on 1 node with total 4 cores, 8 logical cores, 1 compatible GPU
Hardware detected on host G5 (the node of MPI rank 0):
  CPU info:
    Vendor: Intel
    Brand:  Intel(R) Core(TM) i5-10300H CPU @ 2.50GHz
    Family: 6   Model: 165   Stepping: 2
    Features: aes apic avx avx2 clfsh cmov cx8 cx16 f16c fma htt intel lahf mmx msr pcid pclmuldq pdcm pdpe1gb popcnt pse rdrnd rdtscp sse2 sse3 sse4.1 sse4.2 ssse3 x2apic
  Hardware topology: Basic
    Sockets, cores, and logical processors:
      Socket  0: [   0   1] [   2   3] [   4   5] [   6   7]
  GPU info:
    Number of GPUs detected: 1
    #0: NVIDIA NVIDIA GeForce GTX 1660 Ti, compute cap.: 7.5, ECC:  no, stat: compatible


++++ PLEASE READ AND CITE THE FOLLOWING REFERENCE ++++
M. J. Abraham, T. Murtola, R. Schulz, S. Páll, J. C. Smith, B. Hess, E.
Lindahl
GROMACS: High performance molecular simulations through multi-level
parallelism from laptops to supercomputers
SoftwareX 1 (2015) pp. 19-25
-------- -------- --- Thank You --- -------- --------


++++ PLEASE READ AND CITE THE FOLLOWING REFERENCE ++++
S. Páll, M. J. Abraham, C. Kutzner, B. Hess, E. Lindahl
Tackling Exascale Software Challenges in Molecular Dynamics Simulations with
GROMACS
In S. Markidis & E. Laure (Eds.), Solving Software Challenges for Exascale 8759 (2015) pp. 3-27
-------- -------- --- Thank You --- -------- --------


++++ PLEASE READ AND CITE THE FOLLOWING REFERENCE ++++
S. Pronk, S. Páll, R. Schulz, P. Larsson, P. Bjelkmar, R. Apostolov, M. R.
Shirts, J. C. Smith, P. M. Kasson, D. van der Spoel, B. Hess, and E. Lindahl
GROMACS 4.5: a high-throughput and highly parallel open source molecular
simulation toolkit
Bioinformatics 29 (2013) pp. 845-54
-------- -------- --- Thank You --- -------- --------


++++ PLEASE READ AND CITE THE FOLLOWING REFERENCE ++++
B. Hess and C. Kutzner and D. van der Spoel and E. Lindahl
GROMACS 4: Algorithms for highly efficient, load-balanced, and scalable
molecular simulation
J. Chem. Theory Comput. 4 (2008) pp. 435-447
-------- -------- --- Thank You --- -------- --------


++++ PLEASE READ AND CITE THE FOLLOWING REFERENCE ++++
D. van der Spoel, E. Lindahl, B. Hess, G. Groenhof, A. E. Mark and H. J. C.
Berendsen
GROMACS: Fast, Flexible and Free
J. Comp. Chem. 26 (2005) pp. 1701-1719
-------- -------- --- Thank You --- -------- --------


++++ PLEASE READ AND CITE THE FOLLOWING REFERENCE ++++
E. Lindahl and B. Hess and D. van der Spoel
GROMACS 3.0: A package for molecular simulation and trajectory analysis
J. Mol. Mod. 7 (2001) pp. 306-317
-------- -------- --- Thank You --- -------- --------


++++ PLEASE READ AND CITE THE FOLLOWING REFERENCE ++++
H. J. C. Berendsen, D. van der Spoel and R. van Drunen
GROMACS: A message-passing parallel molecular dynamics implementation
Comp. Phys. Comm. 91 (1995) pp. 43-56
-------- -------- --- Thank You --- -------- --------


++++ PLEASE CITE THE DOI FOR THIS VERSION OF GROMACS ++++
https://doi.org/10.5281/zenodo.4457626
-------- -------- --- Thank You --- -------- --------

Input Parameters:
   integrator                     = md
   tinit                          = 0
   dt                             = 0.03
   nsteps                         = 33333
   init-step                      = 0
   simulation-part                = 1
   mts                            = false
   comm-mode                      = Linear
   nstcomm                        = 100
   bd-fric                        = 0
   ld-seed                        = -528406
   emtol                          = 10
   emstep                         = 0.01
   niter                          = 20
   fcstep                         = 0
   nstcgsteep                     = 1000
   nbfgscorr                      = 10
   rtpi                           = 0.05
   nstxout                        = 0
   nstvout                        = 0
   nstfout                        = 0
   nstlog                         = 1000
   nstcalcenergy                  = 100
   nstenergy                      = 100
   nstxout-compressed             = 1000
   compressed-x-precision         = 100
   cutoff-scheme                  = Verlet
   nstlist                        = 20
   pbc                            = xyz
   periodic-molecules             = false
   verlet-buffer-tolerance        = 0.005
   rlist                          = 1.312
   coulombtype                    = Reaction-Field
   coulomb-modifier               = Potential-shift
   rcoulomb-switch                = 0
   rcoulomb                       = 1.1
   epsilon-r                      = 15
   epsilon-rf                     = inf
   vdw-type                       = Cut-off
   vdw-modifier                   = Potential-shift
   rvdw-switch                    = 0
   rvdw                           = 1.1
   DispCorr                       = No
   table-extension                = 1
   fourierspacing                 = 0.12
   fourier-nx                     = 0
   fourier-ny                     = 0
   fourier-nz                     = 0
   pme-order                      = 4
   ewald-rtol                     = 1e-05
   ewald-rtol-lj                  = 0.001
   lj-pme-comb-rule               = Geometric
   ewald-geometry                 = 0
   epsilon-surface                = 0
   tcoupl                         = V-rescale
   nsttcouple                     = 10
   nh-chain-length                = 0
   print-nose-hoover-chain-variables = false
   pcoupl                         = Parrinello-Rahman
   pcoupltype                     = Semiisotropic
   nstpcouple                     = 10
   tau-p                          = 12
   compressibility (3x3):
      compressibility[    0]={ 3.00000e-04,  0.00000e+00,  0.00000e+00}
      compressibility[    1]={ 0.00000e+00,  3.00000e-04,  0.00000e+00}
      compressibility[    2]={ 0.00000e+00,  0.00000e+00,  3.00000e-04}
   ref-p (3x3):
      ref-p[    0]={ 1.00000e+00,  0.00000e+00,  0.00000e+00}
      ref-p[    1]={ 0.00000e+00,  1.00000e+00,  0.00000e+00}
      ref-p[    2]={ 0.00000e+00,  0.00000e+00,  1.00000e+00}
   refcoord-scaling               = No
   posres-com (3):
      posres-com[0]= 0.00000e+00
      posres-com[1]= 0.00000e+00
      posres-com[2]= 0.00000e+00
   posres-comB (3):
      posres-comB[0]= 0.00000e+00
      posres-comB[1]= 0.00000e+00
      posres-comB[2]= 0.00000e+00
   QMMM                           = false
qm-opts:
   ngQM                           = 0
   constraint-algorithm           = Lincs
   continuation                   = false
   Shake-SOR                      = false
   shake-tol                      = 0.0001
   lincs-order                    = 4
   lincs-iter                     = 1
   lincs-warnangle                = 30
   nwall                          = 0
   wall-type                      = 9-3
   wall-r-linpot                  = -1
   wall-atomtype[0]               = -1
   wall-atomtype[1]               = -1
   wall-density[0]                = 0
   wall-density[1]                = 0
   wall-ewald-zfac                = 3
   pull                           = false
   awh                            = false
   rotation                       = false
   interactiveMD                  = false
   disre                          = No
   disre-weighting                = Conservative
   disre-mixed                    = false
   dr-fc                          = 1000
   dr-tau                         = 0
   nstdisreout                    = 100
   orire-fc                       = 0
   orire-tau                      = 0
   nstorireout                    = 100
   free-energy                    = no
   cos-acceleration               = 0
   deform (3x3):
      deform[    0]={ 0.00000e+00,  0.00000e+00,  0.00000e+00}
      deform[    1]={ 0.00000e+00,  0.00000e+00,  0.00000e+00}
      deform[    2]={ 0.00000e+00,  0.00000e+00,  0.00000e+00}
   simulated-tempering            = false
   swapcoords                     = no
   userint1                       = 0
   userint2                       = 0
   userint3                       = 0
   userint4                       = 0
   userreal1                      = 0
   userreal2                      = 0
   userreal3                      = 0
   userreal4                      = 0
   applied-forces:
     electric-field:
       x:
         E0                       = 0
         omega                    = 0
         t0                       = 0
         sigma                    = 0
       y:
         E0                       = 0
         omega                    = 0
         t0                       = 0
         sigma                    = 0
       z:
         E0                       = 0
         omega                    = 0
         t0                       = 0
         sigma                    = 0
     density-guided-simulation:
       active                     = false
       group                      = protein
       similarity-measure         = inner-product
       atom-spreading-weight      = unity
       force-constant             = 1e+09
       gaussian-transform-spreading-width = 0.2
       gaussian-transform-spreading-range-in-multiples-of-width = 4
       reference-density-filename = reference.mrc
       nst                        = 1
       normalize-densities        = true
       adaptive-force-scaling     = false
       adaptive-force-scaling-time-constant = 4
       shift-vector               = 
       transformation-matrix      = 
grpopts:
   nrdf:       36597
   ref-t:         310
   tau-t:           1
annealing:          No
annealing-npoints:           0
   acc:	           0           0           0
   nfreeze:           N           N           N
   energygrp-flags[  0]: 0

Changing nstlist from 20 to 25, rlist from 1.312 to 1.398

1 GPU selected for this run.
Mapping of GPU IDs to the 1 GPU task in the 1 rank on this node:
  PP:0
PP tasks will do (non-perturbed) short-ranged interactions on the GPU
PP task will update and constrain coordinates on the CPU
Using 1 MPI process
Using 8 OpenMP threads 

Pinning threads with an auto-selected logical core stride of 1
System total charge: 0.000
Reaction-Field:
epsRF = 0, rc = 1.1, krf = 0.375657, crf = 1.36364, epsfac = 9.26236
The electrostatics potential has its minimum at r = 1.1
Potential shift: LJ r^-12: -3.186e-01 r^-6: -5.645e-01


Using GPU 8x8 nonbonded short-range kernels

Using a dual 8x8 pair-list setup updated with dynamic, rolling pruning:
  outer list: updated every 25 steps, buffer 0.298 nm, rlist 1.398 nm
  inner list: updated every  4 steps, buffer 0.016 nm, rlist 1.116 nm
At tolerance 0.005 kJ/mol/ps per atom, equivalent classical 1x1 list would be:
  outer list: updated every 25 steps, buffer 0.464 nm, rlist 1.564 nm
  inner list: updated every  4 steps, buffer 0.047 nm, rlist 1.147 nm

Using full Lennard-Jones parameter combination matrix
Removing pbc first time

++++ PLEASE READ AND CITE THE FOLLOWING REFERENCE ++++
G. Bussi, D. Donadio and M. Parrinello
Canonical sampling through velocity rescaling
J. Chem. Phys. 126 (2007) pp. 014101
-------- -------- --- Thank You --- -------- --------

There are: 12200 Atoms
Center of mass motion removal mode is Linear
We have the following groups for center of mass motion removal:
  0:  rest
Initial temperature: 300.814 K

Started mdrun on rank 0 Mon Mar 11 16:21:51 2024

           Step           Time
              0        0.00000

   Energies (kJ/mol)
           Bond       G96Angle       CBT Dih.        LJ (SR)   Coulomb (SR)
    3.12988e+03    3.06237e+03    2.18779e+03   -2.71817e+05    0.00000e+00
      Potential    Kinetic En.   Total Energy  Conserved En.    Temperature
   -2.63437e+05    4.64053e+04   -2.17032e+05   -2.16952e+05    3.05013e+02
 Pressure (bar)
   -4.72989e+00

           Step           Time
           1000       30.00000

   Energies (kJ/mol)
           Bond       G96Angle       CBT Dih.        LJ (SR)   Coulomb (SR)
    3.33490e+03    3.17602e+03    2.18767e+03   -2.68480e+05    0.00000e+00
      Potential    Kinetic En.   Total Energy  Conserved En.    Temperature
   -2.59782e+05    4.75115e+04   -2.12270e+05   -2.17840e+05    3.12283e+02
 Pressure (bar)
   -2.07290e+01

           Step           Time
           2000       60.00000

   Energies (kJ/mol)
           Bond       G96Angle       CBT Dih.        LJ (SR)   Coulomb (SR)
    3.50843e+03    3.17141e+03    2.19474e+03   -2.67696e+05    0.00000e+00
      Potential    Kinetic En.   Total Energy  Conserved En.    Temperature
   -2.58822e+05    4.76308e+04   -2.11191e+05   -2.18675e+05    3.13068e+02
 Pressure (bar)
    2.89456e+01

           Step           Time
           3000       90.00000

   Energies (kJ/mol)
           Bond       G96Angle       CBT Dih.        LJ (SR)   Coulomb (SR)
    3.41362e+03    3.06106e+03    2.26705e+03   -2.67597e+05    0.00000e+00
      Potential    Kinetic En.   Total Energy  Conserved En.    Temperature
   -2.58855e+05    4.76050e+04   -2.11250e+05   -2.19544e+05    3.12898e+02
 Pressure (bar)
    1.43711e+01

           Step           Time
           4000      120.00000

   Energies (kJ/mol)
           Bond       G96Angle       CBT Dih.        LJ (SR)   Coulomb (SR)
    3.26922e+03    3.24011e+03    2.21139e+03   -2.68961e+05    0.00000e+00
      Potential    Kinetic En.   Total Energy  Conserved En.    Temperature
   -2.60240e+05    4.72222e+04   -2.13018e+05   -2.20423e+05    3.10382e+02
 Pressure (bar)
    3.85099e+01

           Step           Time
           5000      150.00000

   Energies (kJ/mol)
           Bond       G96Angle       CBT Dih.        LJ (SR)   Coulomb (SR)
    3.35580e+03    3.07889e+03    2.19982e+03   -2.68256e+05    0.00000e+00
      Potential    Kinetic En.   Total Energy  Conserved En.    Temperature
   -2.59622e+05    4.63360e+04   -2.13286e+05   -2.21288e+05    3.04557e+02
 Pressure (bar)
    6.38520e+00

           Step           Time
           6000      180.00000

   Energies (kJ/mol)
           Bond       G96Angle       CBT Dih.        LJ (SR)   Coulomb (SR)
    3.23706e+03    3.06895e+03    2.25241e+03   -2.67848e+05    0.00000e+00
      Potential    Kinetic En.   Total Energy  Conserved En.    Temperature
   -2.59289e+05    4.72892e+04   -2.12000e+05   -2.22218e+05    3.10823e+02
 Pressure (bar)
    3.81715e+00

           Step           Time
           7000      210.00000

   Energies (kJ/mol)
           Bond       G96Angle       CBT Dih.        LJ (SR)   Coulomb (SR)
    3.48644e+03    3.19739e+03    2.26248e+03   -2.68429e+05    0.00000e+00
      Potential    Kinetic En.   Total Energy  Conserved En.    Temperature
   -2.59483e+05    4.70201e+04   -2.12463e+05   -2.23067e+05    3.09053e+02
 Pressure (bar)
   -3.61872e+01

           Step           Time
           8000      240.00000

   Energies (kJ/mol)
           Bond       G96Angle       CBT Dih.        LJ (SR)   Coulomb (SR)
    3.32475e+03    3.17312e+03    2.23060e+03   -2.68160e+05    0.00000e+00
      Potential    Kinetic En.   Total Energy  Conserved En.    Temperature
   -2.59431e+05    4.73292e+04   -2.12102e+05   -2.23977e+05    3.11085e+02
 Pressure (bar)
   -1.37769e+01

           Step           Time
           9000      270.00000

   Energies (kJ/mol)
           Bond       G96Angle       CBT Dih.        LJ (SR)   Coulomb (SR)
    3.62386e+03    3.05700e+03    2.31872e+03   -2.67459e+05    0.00000e+00
      Potential    Kinetic En.   Total Energy  Conserved En.    Temperature
   -2.58460e+05    4.72563e+04   -2.11203e+05   -2.24794e+05    3.10606e+02
 Pressure (bar)
    7.46600e+01

           Step           Time
          10000      300.00000

   Energies (kJ/mol)
           Bond       G96Angle       CBT Dih.        LJ (SR)   Coulomb (SR)
    3.32321e+03    3.34611e+03    2.15115e+03   -2.67508e+05    0.00000e+00
      Potential    Kinetic En.   Total Energy  Conserved En.    Temperature
   -2.58687e+05    4.76698e+04   -2.11018e+05   -2.25693e+05    3.13324e+02
 Pressure (bar)
    3.58435e+01

           Step           Time
          11000      330.00000

   Energies (kJ/mol)
           Bond       G96Angle       CBT Dih.        LJ (SR)   Coulomb (SR)
    3.35663e+03    3.23795e+03    2.13765e+03   -2.67979e+05    0.00000e+00
      Potential    Kinetic En.   Total Energy  Conserved En.    Temperature
   -2.59246e+05    4.74945e+04   -2.11752e+05   -2.26581e+05    3.12172e+02
 Pressure (bar)
    5.85518e+00

           Step           Time
          12000      360.00000

   Energies (kJ/mol)
           Bond       G96Angle       CBT Dih.        LJ (SR)   Coulomb (SR)
    3.31996e+03    3.12409e+03    2.20028e+03   -2.67985e+05    0.00000e+00
      Potential    Kinetic En.   Total Energy  Conserved En.    Temperature
   -2.59341e+05    4.75168e+04   -2.11824e+05   -2.27467e+05    3.12318e+02
 Pressure (bar)
   -4.96274e+01

           Step           Time
          13000      390.00000

   Energies (kJ/mol)
           Bond       G96Angle       CBT Dih.        LJ (SR)   Coulomb (SR)
    3.50440e+03    2.99229e+03    2.31803e+03   -2.68998e+05    0.00000e+00
      Potential    Kinetic En.   Total Energy  Conserved En.    Temperature
   -2.60183e+05    4.75920e+04   -2.12591e+05   -2.28305e+05    3.12812e+02
 Pressure (bar)
    4.04584e+01

           Step           Time
          14000      420.00000

   Energies (kJ/mol)
           Bond       G96Angle       CBT Dih.        LJ (SR)   Coulomb (SR)
    3.37489e+03    3.30916e+03    2.20426e+03   -2.68965e+05    0.00000e+00
      Potential    Kinetic En.   Total Energy  Conserved En.    Temperature
   -2.60076e+05    4.77414e+04   -2.12335e+05   -2.29164e+05    3.13794e+02
 Pressure (bar)
    3.95530e+01

           Step           Time
          15000      450.00000

   Energies (kJ/mol)
           Bond       G96Angle       CBT Dih.        LJ (SR)   Coulomb (SR)
    3.39714e+03    3.25933e+03    2.13199e+03   -2.67436e+05    0.00000e+00
      Potential    Kinetic En.   Total Energy  Conserved En.    Temperature
   -2.58648e+05    4.70187e+04   -2.11629e+05   -2.30023e+05    3.09044e+02
 Pressure (bar)
    9.01094e+00

           Step           Time
          16000      480.00000

   Energies (kJ/mol)
           Bond       G96Angle       CBT Dih.        LJ (SR)   Coulomb (SR)
    3.39075e+03    3.13563e+03    2.12089e+03   -2.68132e+05    0.00000e+00
      Potential    Kinetic En.   Total Energy  Conserved En.    Temperature
   -2.59484e+05    4.72836e+04   -2.12201e+05   -2.30865e+05    3.10786e+02
 Pressure (bar)
    2.54803e+01

           Step           Time
          17000      510.00000

   Energies (kJ/mol)
           Bond       G96Angle       CBT Dih.        LJ (SR)   Coulomb (SR)
    3.31252e+03    3.26471e+03    2.25570e+03   -2.67303e+05    0.00000e+00
      Potential    Kinetic En.   Total Energy  Conserved En.    Temperature
   -2.58470e+05    4.66239e+04   -2.11846e+05   -2.31782e+05    3.06449e+02
 Pressure (bar)
    1.33451e+00

           Step           Time
          18000      540.00000

   Energies (kJ/mol)
           Bond       G96Angle       CBT Dih.        LJ (SR)   Coulomb (SR)
    3.29363e+03    3.25054e+03    2.19648e+03   -2.67143e+05    0.00000e+00
      Potential    Kinetic En.   Total Energy  Conserved En.    Temperature
   -2.58402e+05    4.74420e+04   -2.10960e+05   -2.32644e+05    3.11827e+02
 Pressure (bar)
    3.07128e+01

           Step           Time
          19000      570.00000

   Energies (kJ/mol)
           Bond       G96Angle       CBT Dih.        LJ (SR)   Coulomb (SR)
    3.56607e+03    3.10124e+03    2.16684e+03   -2.67905e+05    0.00000e+00
      Potential    Kinetic En.   Total Energy  Conserved En.    Temperature
   -2.59071e+05    4.66915e+04   -2.12379e+05   -2.33499e+05    3.06894e+02
 Pressure (bar)
    5.01329e+01

           Step           Time
          20000      600.00000

   Energies (kJ/mol)
           Bond       G96Angle       CBT Dih.        LJ (SR)   Coulomb (SR)
    3.32557e+03    3.09818e+03    2.19515e+03   -2.68985e+05    0.00000e+00
      Potential    Kinetic En.   Total Energy  Conserved En.    Temperature
   -2.60366e+05    4.72507e+04   -2.13115e+05   -2.34403e+05    3.10570e+02
 Pressure (bar)
   -1.05574e+01

           Step           Time
          21000      630.00000

   Energies (kJ/mol)
           Bond       G96Angle       CBT Dih.        LJ (SR)   Coulomb (SR)
    3.28144e+03    3.18315e+03    2.20324e+03   -2.68255e+05    0.00000e+00
      Potential    Kinetic En.   Total Energy  Conserved En.    Temperature
   -2.59587e+05    4.66684e+04   -2.12919e+05   -2.35221e+05    3.06742e+02
 Pressure (bar)
    4.80115e+01

           Step           Time
          22000      660.00000

   Energies (kJ/mol)
           Bond       G96Angle       CBT Dih.        LJ (SR)   Coulomb (SR)
    3.29336e+03    3.29615e+03    2.18227e+03   -2.67980e+05    0.00000e+00
      Potential    Kinetic En.   Total Energy  Conserved En.    Temperature
   -2.59208e+05    4.73649e+04   -2.11843e+05   -2.36128e+05    3.11320e+02
 Pressure (bar)
    2.14652e+01

           Step           Time
          23000      690.00000

   Energies (kJ/mol)
           Bond       G96Angle       CBT Dih.        LJ (SR)   Coulomb (SR)
    3.36168e+03    3.19101e+03    2.24169e+03   -2.67687e+05    0.00000e+00
      Potential    Kinetic En.   Total Energy  Conserved En.    Temperature
   -2.58893e+05    4.74287e+04   -2.11464e+05   -2.37003e+05    3.11739e+02
 Pressure (bar)
   -5.64544e+01

           Step           Time
          24000      720.00000

   Energies (kJ/mol)
           Bond       G96Angle       CBT Dih.        LJ (SR)   Coulomb (SR)
    3.26297e+03    3.27910e+03    2.17688e+03   -2.69163e+05    0.00000e+00
      Potential    Kinetic En.   Total Energy  Conserved En.    Temperature
   -2.60444e+05    4.73027e+04   -2.13141e+05   -2.37913e+05    3.10911e+02
 Pressure (bar)
   -1.08427e+01

           Step           Time
          25000      750.00000

   Energies (kJ/mol)
           Bond       G96Angle       CBT Dih.        LJ (SR)   Coulomb (SR)
    3.56006e+03    3.22141e+03    2.14269e+03   -2.68593e+05    0.00000e+00
      Potential    Kinetic En.   Total Energy  Conserved En.    Temperature
   -2.59669e+05    4.72065e+04   -2.12462e+05   -2.38695e+05    3.10279e+02
 Pressure (bar)
   -2.73728e+01

           Step           Time
          26000      780.00000

   Energies (kJ/mol)
           Bond       G96Angle       CBT Dih.        LJ (SR)   Coulomb (SR)
    3.37593e+03    3.17660e+03    2.16776e+03   -2.68538e+05    0.00000e+00
      Potential    Kinetic En.   Total Energy  Conserved En.    Temperature
   -2.59818e+05    4.76439e+04   -2.12174e+05   -2.39579e+05    3.13153e+02
 Pressure (bar)
   -2.89734e+00

           Step           Time
          27000      810.00000

   Energies (kJ/mol)
           Bond       G96Angle       CBT Dih.        LJ (SR)   Coulomb (SR)
    3.25090e+03    3.05674e+03    2.20115e+03   -2.67406e+05    0.00000e+00
      Potential    Kinetic En.   Total Energy  Conserved En.    Temperature
   -2.58897e+05    4.70042e+04   -2.11893e+05   -2.40476e+05    3.08949e+02
 Pressure (bar)
   -5.49842e+01

           Step           Time
          28000      840.00000

   Energies (kJ/mol)
           Bond       G96Angle       CBT Dih.        LJ (SR)   Coulomb (SR)
    3.38648e+03    3.25268e+03    2.21846e+03   -2.68071e+05    0.00000e+00
      Potential    Kinetic En.   Total Energy  Conserved En.    Temperature
   -2.59214e+05    4.71001e+04   -2.12114e+05   -2.41263e+05    3.09579e+02
 Pressure (bar)
   -5.01220e+01

           Step           Time
          29000      870.00000

   Energies (kJ/mol)
           Bond       G96Angle       CBT Dih.        LJ (SR)   Coulomb (SR)
    3.30500e+03    3.20962e+03    2.20846e+03   -2.68836e+05    0.00000e+00
      Potential    Kinetic En.   Total Energy  Conserved En.    Temperature
   -2.60113e+05    4.73583e+04   -2.12754e+05   -2.42166e+05    3.11277e+02
 Pressure (bar)
    8.95198e+00

           Step           Time
          30000      900.00000

   Energies (kJ/mol)
           Bond       G96Angle       CBT Dih.        LJ (SR)   Coulomb (SR)
    3.27953e+03    3.19198e+03    2.10189e+03   -2.68707e+05    0.00000e+00
      Potential    Kinetic En.   Total Energy  Conserved En.    Temperature
   -2.60133e+05    4.68656e+04   -2.13268e+05   -2.43059e+05    3.08038e+02
 Pressure (bar)
   -1.28793e+01

           Step           Time
          31000      930.00000

   Energies (kJ/mol)
           Bond       G96Angle       CBT Dih.        LJ (SR)   Coulomb (SR)
    3.42149e+03    3.12773e+03    2.34368e+03   -2.68889e+05    0.00000e+00
      Potential    Kinetic En.   Total Energy  Conserved En.    Temperature
   -2.59997e+05    4.68690e+04   -2.13128e+05   -2.43878e+05    3.08061e+02
 Pressure (bar)
    4.14251e+01

           Step           Time
          32000      960.00000

   Energies (kJ/mol)
           Bond       G96Angle       CBT Dih.        LJ (SR)   Coulomb (SR)
    3.26639e+03    3.26552e+03    2.09339e+03   -2.67657e+05    0.00000e+00
      Potential    Kinetic En.   Total Energy  Conserved En.    Temperature
   -2.59032e+05    4.69692e+04   -2.12062e+05   -2.44762e+05    3.08719e+02
 Pressure (bar)
   -6.54564e+00

           Step           Time
          33000      990.00000

   Energies (kJ/mol)
           Bond       G96Angle       CBT Dih.        LJ (SR)   Coulomb (SR)
    3.32652e+03    3.24087e+03    2.18167e+03   -2.67491e+05    0.00000e+00
      Potential    Kinetic En.   Total Energy  Conserved En.    Temperature
   -2.58742e+05    4.72184e+04   -2.11524e+05   -2.45609e+05    3.10357e+02
 Pressure (bar)
    1.69633e+01

           Step           Time
          33333      999.99000

Writing checkpoint, step 33333 at Mon Mar 11 16:23:08 2024


   Energies (kJ/mol)
           Bond       G96Angle       CBT Dih.        LJ (SR)   Coulomb (SR)
    3.32188e+03    3.14701e+03    2.18030e+03   -2.68273e+05    0.00000e+00
      Potential    Kinetic En.   Total Energy  Conserved En.    Temperature
   -2.59624e+05    4.69224e+04   -2.12702e+05   -2.45906e+05    3.08412e+02
 Pressure (bar)
   -8.17417e+00


Energy conservation over simulation part #1 of length 999.99 ns, time 0 to 999.99 ns
  Conserved energy drift: -2.37e-03 kJ/mol/ps per atom


	<======  ###############  ==>
	<====  A V E R A G E S  ====>
	<==  ###############  ======>

	Statistics over 33334 steps using 334 frames

   Energies (kJ/mol)
           Bond       G96Angle       CBT Dih.        LJ (SR)   Coulomb (SR)
    3.34039e+03    3.19063e+03    2.18507e+03   -2.68070e+05    0.00000e+00
      Potential    Kinetic En.   Total Energy  Conserved En.    Temperature
   -2.59354e+05    4.71271e+04   -2.12227e+05   -2.31451e+05    3.09757e+02
 Pressure (bar)
    8.64584e-01

          Box-X          Box-Y          Box-Z
    7.96344e+00    7.96344e+00    2.10587e+01

   Total Virial (kJ/mol)
    1.57155e+04    1.82179e+01   -1.39356e+02
    1.82175e+01    1.55791e+04   -1.94187e+01
   -1.39360e+02   -1.94194e+01    1.57333e+04

   Pressure (bar)
   -3.39308e-01   -5.10298e-01    3.51715e+00
   -5.10288e-01    3.33194e+00    5.44182e-01
    3.51724e+00    5.44197e-01   -3.98884e-01


	M E G A - F L O P S   A C C O U N T I N G

 NB=Group-cutoff nonbonded kernels    NxN=N-by-N cluster Verlet kernels
 RF=Reaction-Field  VdW=Van der Waals  QSTab=quadratic-spline table
 W3=SPC/TIP3p  W4=TIP4p (single or pairs)
 V&F=Potential and force  V=Potential only  F=Force only

 Computing:                               M-Number         M-Flops  % Flops
-----------------------------------------------------------------------------
 Pair Search distance check             809.537856        7285.841     0.1
 NxN RF Elec. + LJ [F]               128868.813248     4897014.903    97.6
 NxN RF Elec. + LJ [V&F]               1308.330688       70649.857     1.4
 Shift-X                                 16.274800          97.649     0.0
 Bonds                                   80.668280        4759.429     0.1
 Angles                                  80.001600       13440.269     0.3
 RB-Dihedrals                            79.334920       19595.725     0.4
 Virial                                  40.837075         735.067     0.0
 Stop-CM                                  4.087000          40.870     0.0
 Calc-Ekin                              162.699200        4392.878     0.1
-----------------------------------------------------------------------------
 Total                                                 5018012.488   100.0
-----------------------------------------------------------------------------


     R E A L   C Y C L E   A N D   T I M E   A C C O U N T I N G

On 1 MPI rank, each using 8 OpenMP threads

 Computing:          Num   Num      Call    Wall time         Giga-Cycles
                     Ranks Threads  Count      (s)         total sum    %
-----------------------------------------------------------------------------
 Neighbor search        1    8       1334       1.813         36.195   2.4
 Launch GPU ops.        1    8      33334       5.250        104.834   6.8
 Force                  1    8      33334      19.759        394.543  25.7
 Wait GPU NB local      1    8      33334      17.711        353.652  23.1
 NB X/F buffer ops.     1    8      65334      14.375        287.046  18.7
 Write traj.            1    8         35       0.225          4.498   0.3
 Update                 1    8      33334      13.865        276.863  18.1
 Rest                                           3.760         75.087   4.9
-----------------------------------------------------------------------------
 Total                                         76.758       1532.717 100.0
-----------------------------------------------------------------------------

               Core t (s)   Wall t (s)        (%)
       Time:      614.066       76.758      800.0
                 (ns/day)    (hour/ns)
Performance:     1125.632        0.021
Finished mdrun on rank 0 Mon Mar 11 16:23:08 2024

