                   :-) GROMACS - gmx mdrun, 2021-MODIFIED (-:

                            GROMACS is written by:
     Andrey Alekseenko              Emile Apol              Rossen Apostolov     
         Paul Bauer           Herman J.C. Berendsen           Par Bjelkmar       
       Christian Blau           Viacheslav Bolnykh             Kevin Boyd        
     Aldert van Buuren           Rudi van Drunen             Anton Feenstra      
    Gilles Gouaillardet             Alan Gray               Gerrit Groenhof      
       Anca Hamuraru            Vincent Hindriksen          M. Eric Irrgang      
      Aleksei Iupinov           Christoph Junghans             Joe Jordan        
    Dimitrios Karkoulis            Peter Kasson                Jiri Kraus        
      Carsten Kutzner              Per Larsson              Justin A. Lemkul     
       Viveca Lindahl            Magnus Lundborg             Erik Marklund       
        Pascal Merz             Pieter Meulenhoff            Teemu Murtola       
        Szilard Pall               Sander Pronk              Roland Schulz       
       Michael Shirts            Alexey Shvetsov             Alfons Sijbers      
       Peter Tieleman              Jon Vincent              Teemu Virolainen     
     Christian Wennberg            Maarten Wolf              Artem Zhmurov       
                           and the project leaders:
        Mark Abraham, Berk Hess, Erik Lindahl, and David van der Spoel

Copyright (c) 1991-2000, University of Groningen, The Netherlands.
Copyright (c) 2001-2019, The GROMACS development team at
Uppsala University, Stockholm University and
the Royal Institute of Technology, Sweden.
check out http://www.gromacs.org for more information.

GROMACS is free software; you can redistribute it and/or modify it
under the terms of the GNU Lesser General Public License
as published by the Free Software Foundation; either version 2.1
of the License, or (at your option) any later version.

GROMACS:      gmx mdrun, version 2021-MODIFIED
Executable:   /usr/local/gromacs/bin/gmx_mpi
Data prefix:  /usr/local/gromacs
Working dir:  /home/mat/gromacs/MARTINI/surface_paper/PEO/2024/75_long_25_short
Process ID:   234
Command line:
  gmx_mpi mdrun -deffnm blend_preNPT -nb gpu -v

GROMACS version:    2021-MODIFIED
This program has been built from source code that has been altered and does not match the code released as part of the official GROMACS version 2021-MODIFIED. If you did not intend to use an altered GROMACS version, make sure to download an intact source distribution and compile that before proceeding.
If you have modified the source code, you are strongly encouraged to set your custom version suffix (using -DGMX_VERSION_STRING_OF_FORK) which will can help later with scientific reproducibility but also when reporting bugs.
Release checksum: 3e06a5865d6ff726fc417dea8d55afd37ac3cbb94c02c54c76d7a881c49c5dd8
Computed checksum: 2b9a5dbb23c0f281bc103cb058692a2f421b8ad968c6fbe3eb862c7ced97b968
Precision:          mixed
Memory model:       64 bit
MPI library:        MPI
OpenMP support:     enabled (GMX_OPENMP_MAX_THREADS = 64)
GPU support:        CUDA
SIMD instructions:  AVX2_256
FFT library:        fftw-3.3.8-sse2-avx-avx2-avx2_128
RDTSCP usage:       enabled
TNG support:        enabled
Hwloc support:      disabled
Tracing support:    disabled
C compiler:         /usr/bin/cc GNU 7.5.0
C compiler flags:   -mavx2 -mfma -pthread -Wno-missing-field-initializers -fexcess-precision=fast -funroll-all-loops -pthread -O3 -DNDEBUG
C++ compiler:       /usr/bin/c++ GNU 7.5.0
C++ compiler flags: -mavx2 -mfma -pthread -Wno-missing-field-initializers -fexcess-precision=fast -funroll-all-loops -pthread -fopenmp -O3 -DNDEBUG
CUDA compiler:      /usr/local/cuda/bin/nvcc nvcc: NVIDIA (R) Cuda compiler driver;Copyright (c) 2005-2018 NVIDIA Corporation;Built on Sat_Aug_25_21:08:01_CDT_2018;Cuda compilation tools, release 10.0, V10.0.130
CUDA compiler flags:-std=c++14;-gencode;arch=compute_30,code=sm_30;-gencode;arch=compute_35,code=sm_35;-gencode;arch=compute_37,code=sm_37;-gencode;arch=compute_50,code=sm_50;-gencode;arch=compute_52,code=sm_52;-gencode;arch=compute_60,code=sm_60;-gencode;arch=compute_61,code=sm_61;-gencode;arch=compute_70,code=sm_70;-gencode;arch=compute_35,code=compute_35;-gencode;arch=compute_50,code=compute_50;-gencode;arch=compute_52,code=compute_52;-gencode;arch=compute_60,code=compute_60;-gencode;arch=compute_61,code=compute_61;-gencode;arch=compute_70,code=compute_70;-gencode;arch=compute_75,code=compute_75;-use_fast_math;-D_FORCE_INLINES;-mavx2 -mfma -pthread -Wno-missing-field-initializers -fexcess-precision=fast -funroll-all-loops -pthread -fopenmp -O3 -DNDEBUG
CUDA driver:        11.60
CUDA runtime:       10.0


Running on 1 node with total 4 cores, 8 logical cores, 1 compatible GPU
Hardware detected on host G5 (the node of MPI rank 0):
  CPU info:
    Vendor: Intel
    Brand:  Intel(R) Core(TM) i5-10300H CPU @ 2.50GHz
    Family: 6   Model: 165   Stepping: 2
    Features: aes apic avx avx2 clfsh cmov cx8 cx16 f16c fma htt intel lahf mmx msr pcid pclmuldq pdcm pdpe1gb popcnt pse rdrnd rdtscp sse2 sse3 sse4.1 sse4.2 ssse3 x2apic
  Hardware topology: Basic
    Sockets, cores, and logical processors:
      Socket  0: [   0   1] [   2   3] [   4   5] [   6   7]
  GPU info:
    Number of GPUs detected: 1
    #0: NVIDIA NVIDIA GeForce GTX 1660 Ti, compute cap.: 7.5, ECC:  no, stat: compatible


++++ PLEASE READ AND CITE THE FOLLOWING REFERENCE ++++
M. J. Abraham, T. Murtola, R. Schulz, S. Páll, J. C. Smith, B. Hess, E.
Lindahl
GROMACS: High performance molecular simulations through multi-level
parallelism from laptops to supercomputers
SoftwareX 1 (2015) pp. 19-25
-------- -------- --- Thank You --- -------- --------


++++ PLEASE READ AND CITE THE FOLLOWING REFERENCE ++++
S. Páll, M. J. Abraham, C. Kutzner, B. Hess, E. Lindahl
Tackling Exascale Software Challenges in Molecular Dynamics Simulations with
GROMACS
In S. Markidis & E. Laure (Eds.), Solving Software Challenges for Exascale 8759 (2015) pp. 3-27
-------- -------- --- Thank You --- -------- --------


++++ PLEASE READ AND CITE THE FOLLOWING REFERENCE ++++
S. Pronk, S. Páll, R. Schulz, P. Larsson, P. Bjelkmar, R. Apostolov, M. R.
Shirts, J. C. Smith, P. M. Kasson, D. van der Spoel, B. Hess, and E. Lindahl
GROMACS 4.5: a high-throughput and highly parallel open source molecular
simulation toolkit
Bioinformatics 29 (2013) pp. 845-54
-------- -------- --- Thank You --- -------- --------


++++ PLEASE READ AND CITE THE FOLLOWING REFERENCE ++++
B. Hess and C. Kutzner and D. van der Spoel and E. Lindahl
GROMACS 4: Algorithms for highly efficient, load-balanced, and scalable
molecular simulation
J. Chem. Theory Comput. 4 (2008) pp. 435-447
-------- -------- --- Thank You --- -------- --------


++++ PLEASE READ AND CITE THE FOLLOWING REFERENCE ++++
D. van der Spoel, E. Lindahl, B. Hess, G. Groenhof, A. E. Mark and H. J. C.
Berendsen
GROMACS: Fast, Flexible and Free
J. Comp. Chem. 26 (2005) pp. 1701-1719
-------- -------- --- Thank You --- -------- --------


++++ PLEASE READ AND CITE THE FOLLOWING REFERENCE ++++
E. Lindahl and B. Hess and D. van der Spoel
GROMACS 3.0: A package for molecular simulation and trajectory analysis
J. Mol. Mod. 7 (2001) pp. 306-317
-------- -------- --- Thank You --- -------- --------


++++ PLEASE READ AND CITE THE FOLLOWING REFERENCE ++++
H. J. C. Berendsen, D. van der Spoel and R. van Drunen
GROMACS: A message-passing parallel molecular dynamics implementation
Comp. Phys. Comm. 91 (1995) pp. 43-56
-------- -------- --- Thank You --- -------- --------


++++ PLEASE CITE THE DOI FOR THIS VERSION OF GROMACS ++++
https://doi.org/10.5281/zenodo.4457626
-------- -------- --- Thank You --- -------- --------

Input Parameters:
   integrator                     = md
   tinit                          = 0
   dt                             = 0.03
   nsteps                         = 250000
   init-step                      = 0
   simulation-part                = 1
   mts                            = false
   comm-mode                      = Linear
   nstcomm                        = 100
   bd-fric                        = 0
   ld-seed                        = -873080417
   emtol                          = 10
   emstep                         = 0.01
   niter                          = 20
   fcstep                         = 0
   nstcgsteep                     = 1000
   nbfgscorr                      = 10
   rtpi                           = 0.05
   nstxout                        = 0
   nstvout                        = 0
   nstfout                        = 0
   nstlog                         = 5000
   nstcalcenergy                  = 100
   nstenergy                      = 5000
   nstxout-compressed             = 5000
   compressed-x-precision         = 100
   cutoff-scheme                  = Verlet
   nstlist                        = 20
   pbc                            = xyz
   periodic-molecules             = false
   verlet-buffer-tolerance        = 0.005
   rlist                          = 1.244
   coulombtype                    = Reaction-Field
   coulomb-modifier               = Potential-shift
   rcoulomb-switch                = 0
   rcoulomb                       = 1.1
   epsilon-r                      = 15
   epsilon-rf                     = inf
   vdw-type                       = Cut-off
   vdw-modifier                   = Potential-shift
   rvdw-switch                    = 0
   rvdw                           = 1.1
   DispCorr                       = No
   table-extension                = 1
   fourierspacing                 = 0.12
   fourier-nx                     = 0
   fourier-ny                     = 0
   fourier-nz                     = 0
   pme-order                      = 4
   ewald-rtol                     = 1e-05
   ewald-rtol-lj                  = 0.001
   lj-pme-comb-rule               = Geometric
   ewald-geometry                 = 0
   epsilon-surface                = 0
   tcoupl                         = V-rescale
   nsttcouple                     = 10
   nh-chain-length                = 0
   print-nose-hoover-chain-variables = false
   pcoupl                         = Berendsen
   pcoupltype                     = Isotropic
   nstpcouple                     = 10
   tau-p                          = 6
   compressibility (3x3):
      compressibility[    0]={ 3.00000e-04,  0.00000e+00,  0.00000e+00}
      compressibility[    1]={ 0.00000e+00,  3.00000e-04,  0.00000e+00}
      compressibility[    2]={ 0.00000e+00,  0.00000e+00,  3.00000e-04}
   ref-p (3x3):
      ref-p[    0]={ 1.00000e+00,  0.00000e+00,  0.00000e+00}
      ref-p[    1]={ 0.00000e+00,  1.00000e+00,  0.00000e+00}
      ref-p[    2]={ 0.00000e+00,  0.00000e+00,  1.00000e+00}
   refcoord-scaling               = No
   posres-com (3):
      posres-com[0]= 0.00000e+00
      posres-com[1]= 0.00000e+00
      posres-com[2]= 0.00000e+00
   posres-comB (3):
      posres-comB[0]= 0.00000e+00
      posres-comB[1]= 0.00000e+00
      posres-comB[2]= 0.00000e+00
   QMMM                           = false
qm-opts:
   ngQM                           = 0
   constraint-algorithm           = Lincs
   continuation                   = false
   Shake-SOR                      = false
   shake-tol                      = 0.0001
   lincs-order                    = 4
   lincs-iter                     = 1
   lincs-warnangle                = 30
   nwall                          = 0
   wall-type                      = 9-3
   wall-r-linpot                  = -1
   wall-atomtype[0]               = -1
   wall-atomtype[1]               = -1
   wall-density[0]                = 0
   wall-density[1]                = 0
   wall-ewald-zfac                = 3
   pull                           = false
   awh                            = false
   rotation                       = false
   interactiveMD                  = false
   disre                          = No
   disre-weighting                = Conservative
   disre-mixed                    = false
   dr-fc                          = 1000
   dr-tau                         = 0
   nstdisreout                    = 100
   orire-fc                       = 0
   orire-tau                      = 0
   nstorireout                    = 100
   free-energy                    = no
   cos-acceleration               = 0
   deform (3x3):
      deform[    0]={ 0.00000e+00,  0.00000e+00,  0.00000e+00}
      deform[    1]={ 0.00000e+00,  0.00000e+00,  0.00000e+00}
      deform[    2]={ 0.00000e+00,  0.00000e+00,  0.00000e+00}
   simulated-tempering            = false
   swapcoords                     = no
   userint1                       = 0
   userint2                       = 0
   userint3                       = 0
   userint4                       = 0
   userreal1                      = 0
   userreal2                      = 0
   userreal3                      = 0
   userreal4                      = 0
   applied-forces:
     electric-field:
       x:
         E0                       = 0
         omega                    = 0
         t0                       = 0
         sigma                    = 0
       y:
         E0                       = 0
         omega                    = 0
         t0                       = 0
         sigma                    = 0
       z:
         E0                       = 0
         omega                    = 0
         t0                       = 0
         sigma                    = 0
     density-guided-simulation:
       active                     = false
       group                      = protein
       similarity-measure         = inner-product
       atom-spreading-weight      = unity
       force-constant             = 1e+09
       gaussian-transform-spreading-width = 0.2
       gaussian-transform-spreading-range-in-multiples-of-width = 4
       reference-density-filename = reference.mrc
       nst                        = 1
       normalize-densities        = true
       adaptive-force-scaling     = false
       adaptive-force-scaling-time-constant = 4
       shift-vector               = 
       transformation-matrix      = 
grpopts:
   nrdf:       36597
   ref-t:      298.15
   tau-t:           1
annealing:          No
annealing-npoints:           0
   acc:	           0           0           0
   nfreeze:           N           N           N
   energygrp-flags[  0]: 0

Changing nstlist from 20 to 25, rlist from 1.244 to 1.312

1 GPU selected for this run.
Mapping of GPU IDs to the 1 GPU task in the 1 rank on this node:
  PP:0
PP tasks will do (non-perturbed) short-ranged interactions on the GPU
PP task will update and constrain coordinates on the CPU
Using 1 MPI process
Using 8 OpenMP threads 

Pinning threads with an auto-selected logical core stride of 1
System total charge: 0.000
Reaction-Field:
epsRF = 0, rc = 1.1, krf = 0.375657, crf = 1.36364, epsfac = 9.26236
The electrostatics potential has its minimum at r = 1.1
Potential shift: LJ r^-12: -3.186e-01 r^-6: -5.645e-01


Using GPU 8x8 nonbonded short-range kernels

Using a dual 8x8 pair-list setup updated with dynamic, rolling pruning:
  outer list: updated every 25 steps, buffer 0.212 nm, rlist 1.312 nm
  inner list: updated every  6 steps, buffer 0.011 nm, rlist 1.111 nm
At tolerance 0.005 kJ/mol/ps per atom, equivalent classical 1x1 list would be:
  outer list: updated every 25 steps, buffer 0.370 nm, rlist 1.470 nm
  inner list: updated every  6 steps, buffer 0.054 nm, rlist 1.154 nm

Using full Lennard-Jones parameter combination matrix
Removing pbc first time

++++ PLEASE READ AND CITE THE FOLLOWING REFERENCE ++++
G. Bussi, D. Donadio and M. Parrinello
Canonical sampling through velocity rescaling
J. Chem. Phys. 126 (2007) pp. 014101
-------- -------- --- Thank You --- -------- --------

There are: 12200 Atoms
Center of mass motion removal mode is Linear
We have the following groups for center of mass motion removal:
  0:  rest
Initial temperature: 298.167 K

Started mdrun on rank 0 Mon Mar 11 16:43:51 2024

           Step           Time
              0        0.00000

   Energies (kJ/mol)
           Bond       G96Angle       CBT Dih.        LJ (SR)   Coulomb (SR)
    5.21940e+02    2.07447e+03    2.24494e+03   -3.24936e+05    0.00000e+00
      Potential    Kinetic En.   Total Energy  Conserved En.    Temperature
   -3.20094e+05    4.53649e+04   -2.74730e+05   -2.74739e+05    2.98174e+02
 Pressure (bar)
    2.79767e+01

           Step           Time
           5000      150.00000

   Energies (kJ/mol)
           Bond       G96Angle       CBT Dih.        LJ (SR)   Coulomb (SR)
    3.24262e+03    3.14966e+03    2.15222e+03   -2.63176e+05    0.00000e+00
      Potential    Kinetic En.   Total Energy  Conserved En.    Temperature
   -2.54632e+05    4.54517e+04   -2.09180e+05   -2.84460e+05    2.98745e+02
 Pressure (bar)
   -9.05526e+00

           Step           Time
          10000      300.00000

   Energies (kJ/mol)
           Bond       G96Angle       CBT Dih.        LJ (SR)   Coulomb (SR)
    3.35278e+03    3.04245e+03    2.08988e+03   -2.63435e+05    0.00000e+00
      Potential    Kinetic En.   Total Energy  Conserved En.    Temperature
   -2.54950e+05    4.53711e+04   -2.09578e+05   -2.95219e+05    2.98215e+02
 Pressure (bar)
   -3.60459e+00

           Step           Time
          15000      450.00000

   Energies (kJ/mol)
           Bond       G96Angle       CBT Dih.        LJ (SR)   Coulomb (SR)
    3.29779e+03    3.10194e+03    2.16574e+03   -2.64489e+05    0.00000e+00
      Potential    Kinetic En.   Total Energy  Conserved En.    Temperature
   -2.55924e+05    4.50863e+04   -2.10837e+05   -3.05802e+05    2.96343e+02
 Pressure (bar)
   -1.38377e+01

           Step           Time
          20000      600.00000

   Energies (kJ/mol)
           Bond       G96Angle       CBT Dih.        LJ (SR)   Coulomb (SR)
    3.15786e+03    3.07953e+03    2.13545e+03   -2.64060e+05    0.00000e+00
      Potential    Kinetic En.   Total Energy  Conserved En.    Temperature
   -2.55688e+05    4.59273e+04   -2.09760e+05   -3.16242e+05    3.01871e+02
 Pressure (bar)
   -1.63060e+00

           Step           Time
          25000      750.00000

   Energies (kJ/mol)
           Bond       G96Angle       CBT Dih.        LJ (SR)   Coulomb (SR)
    3.31833e+03    3.20762e+03    2.06393e+03   -2.65390e+05    0.00000e+00
      Potential    Kinetic En.   Total Energy  Conserved En.    Temperature
   -2.56800e+05    4.51213e+04   -2.11679e+05   -3.26307e+05    2.96573e+02
 Pressure (bar)
   -1.50400e+01

           Step           Time
          30000      900.00000

   Energies (kJ/mol)
           Bond       G96Angle       CBT Dih.        LJ (SR)   Coulomb (SR)
    3.29168e+03    3.08902e+03    2.13712e+03   -2.66099e+05    0.00000e+00
      Potential    Kinetic En.   Total Energy  Conserved En.    Temperature
   -2.57581e+05    4.54318e+04   -2.12149e+05   -3.36027e+05    2.98614e+02
 Pressure (bar)
   -1.97531e+01

           Step           Time
          35000     1050.00000

   Energies (kJ/mol)
           Bond       G96Angle       CBT Dih.        LJ (SR)   Coulomb (SR)
    3.11504e+03    3.06125e+03    2.19466e+03   -2.66495e+05    0.00000e+00
      Potential    Kinetic En.   Total Energy  Conserved En.    Temperature
   -2.58124e+05    4.52010e+04   -2.12923e+05   -3.45427e+05    2.97097e+02
 Pressure (bar)
   -2.04297e+01

           Step           Time
          40000     1200.00000

   Energies (kJ/mol)
           Bond       G96Angle       CBT Dih.        LJ (SR)   Coulomb (SR)
    3.09923e+03    3.16592e+03    2.14994e+03   -2.66534e+05    0.00000e+00
      Potential    Kinetic En.   Total Energy  Conserved En.    Temperature
   -2.58119e+05    4.45343e+04   -2.13584e+05   -3.54520e+05    2.92715e+02
 Pressure (bar)
   -1.85088e+01

           Step           Time
          45000     1350.00000

   Energies (kJ/mol)
           Bond       G96Angle       CBT Dih.        LJ (SR)   Coulomb (SR)
    3.20165e+03    3.02162e+03    2.20505e+03   -2.66270e+05    0.00000e+00
      Potential    Kinetic En.   Total Energy  Conserved En.    Temperature
   -2.57842e+05    4.50873e+04   -2.12755e+05   -3.63470e+05    2.96350e+02
 Pressure (bar)
    3.54915e+00

           Step           Time
          50000     1500.00000

   Energies (kJ/mol)
           Bond       G96Angle       CBT Dih.        LJ (SR)   Coulomb (SR)
    3.25626e+03    3.11699e+03    2.20718e+03   -2.67440e+05    0.00000e+00
      Potential    Kinetic En.   Total Energy  Conserved En.    Temperature
   -2.58859e+05    4.52697e+04   -2.13590e+05   -3.72378e+05    2.97548e+02
 Pressure (bar)
   -1.61241e+01

           Step           Time
          55000     1650.00000

   Energies (kJ/mol)
           Bond       G96Angle       CBT Dih.        LJ (SR)   Coulomb (SR)
    3.14573e+03    3.01478e+03    2.19016e+03   -2.66902e+05    0.00000e+00
      Potential    Kinetic En.   Total Energy  Conserved En.    Temperature
   -2.58552e+05    4.51775e+04   -2.13374e+05   -3.81231e+05    2.96943e+02
 Pressure (bar)
   -1.81331e+01

           Step           Time
          60000     1800.00000

   Energies (kJ/mol)
           Bond       G96Angle       CBT Dih.        LJ (SR)   Coulomb (SR)
    3.31113e+03    3.24542e+03    2.13225e+03   -2.66952e+05    0.00000e+00
      Potential    Kinetic En.   Total Energy  Conserved En.    Temperature
   -2.58264e+05    4.51671e+04   -2.13096e+05   -3.89860e+05    2.96874e+02
 Pressure (bar)
   -2.03218e+01

           Step           Time
          65000     1950.00000

   Energies (kJ/mol)
           Bond       G96Angle       CBT Dih.        LJ (SR)   Coulomb (SR)
    3.22209e+03    3.04131e+03    2.11262e+03   -2.67738e+05    0.00000e+00
      Potential    Kinetic En.   Total Energy  Conserved En.    Temperature
   -2.59362e+05    4.57720e+04   -2.13590e+05   -3.98207e+05    3.00850e+02
 Pressure (bar)
   -2.90019e+01

           Step           Time
          70000     2100.00000

   Energies (kJ/mol)
           Bond       G96Angle       CBT Dih.        LJ (SR)   Coulomb (SR)
    3.17771e+03    3.05110e+03    2.16949e+03   -2.68688e+05    0.00000e+00
      Potential    Kinetic En.   Total Energy  Conserved En.    Temperature
   -2.60290e+05    4.53210e+04   -2.14969e+05   -4.06212e+05    2.97886e+02
 Pressure (bar)
   -4.08228e+01

           Step           Time
          75000     2250.00000

   Energies (kJ/mol)
           Bond       G96Angle       CBT Dih.        LJ (SR)   Coulomb (SR)
    3.25035e+03    3.14246e+03    2.23193e+03   -2.71995e+05    0.00000e+00
      Potential    Kinetic En.   Total Energy  Conserved En.    Temperature
   -2.63370e+05    4.57814e+04   -2.17588e+05   -4.13971e+05    3.00912e+02
 Pressure (bar)
    1.57870e+01

           Step           Time
          80000     2400.00000

   Energies (kJ/mol)
           Bond       G96Angle       CBT Dih.        LJ (SR)   Coulomb (SR)
    3.21163e+03    3.09601e+03    2.24883e+03   -2.72134e+05    0.00000e+00
      Potential    Kinetic En.   Total Energy  Conserved En.    Temperature
   -2.63578e+05    4.50917e+04   -2.18486e+05   -4.21780e+05    2.96379e+02
 Pressure (bar)
   -3.55037e+00

           Step           Time
          85000     2550.00000

   Energies (kJ/mol)
           Bond       G96Angle       CBT Dih.        LJ (SR)   Coulomb (SR)
    3.19233e+03    3.19793e+03    2.14769e+03   -2.72707e+05    0.00000e+00
      Potential    Kinetic En.   Total Energy  Conserved En.    Temperature
   -2.64169e+05    4.50916e+04   -2.19077e+05   -4.29527e+05    2.96378e+02
 Pressure (bar)
    6.93253e+00

           Step           Time
          90000     2700.00000

   Energies (kJ/mol)
           Bond       G96Angle       CBT Dih.        LJ (SR)   Coulomb (SR)
    3.35988e+03    3.12729e+03    2.21710e+03   -2.72628e+05    0.00000e+00
      Potential    Kinetic En.   Total Energy  Conserved En.    Temperature
   -2.63924e+05    4.52620e+04   -2.18662e+05   -4.37348e+05    2.97498e+02
 Pressure (bar)
   -1.39562e+01

           Step           Time
          95000     2850.00000

   Energies (kJ/mol)
           Bond       G96Angle       CBT Dih.        LJ (SR)   Coulomb (SR)
    3.13180e+03    3.04431e+03    2.18917e+03   -2.72249e+05    0.00000e+00
      Potential    Kinetic En.   Total Energy  Conserved En.    Temperature
   -2.63884e+05    4.56162e+04   -2.18268e+05   -4.45204e+05    2.99826e+02
 Pressure (bar)
    2.59787e+01

           Step           Time
         100000     3000.00000

   Energies (kJ/mol)
           Bond       G96Angle       CBT Dih.        LJ (SR)   Coulomb (SR)
    3.31810e+03    3.09623e+03    2.12388e+03   -2.72450e+05    0.00000e+00
      Potential    Kinetic En.   Total Energy  Conserved En.    Temperature
   -2.63911e+05    4.50362e+04   -2.18875e+05   -4.52936e+05    2.96014e+02
 Pressure (bar)
    8.79365e-01

           Step           Time
         105000     3150.00000

   Energies (kJ/mol)
           Bond       G96Angle       CBT Dih.        LJ (SR)   Coulomb (SR)
    3.34807e+03    3.14615e+03    2.24955e+03   -2.72997e+05    0.00000e+00
      Potential    Kinetic En.   Total Energy  Conserved En.    Temperature
   -2.64253e+05    4.50280e+04   -2.19225e+05   -4.60764e+05    2.95960e+02
 Pressure (bar)
   -3.33953e+01

           Step           Time
         110000     3300.00000

   Energies (kJ/mol)
           Bond       G96Angle       CBT Dih.        LJ (SR)   Coulomb (SR)
    3.33554e+03    3.04039e+03    2.09521e+03   -2.72279e+05    0.00000e+00
      Potential    Kinetic En.   Total Energy  Conserved En.    Temperature
   -2.63808e+05    4.57301e+04   -2.18078e+05   -4.68554e+05    3.00575e+02
 Pressure (bar)
   -2.36583e+01

           Step           Time
         115000     3450.00000

   Energies (kJ/mol)
           Bond       G96Angle       CBT Dih.        LJ (SR)   Coulomb (SR)
    3.21472e+03    3.08153e+03    2.20347e+03   -2.72726e+05    0.00000e+00
      Potential    Kinetic En.   Total Energy  Conserved En.    Temperature
   -2.64226e+05    4.52603e+04   -2.18966e+05   -4.76335e+05    2.97487e+02
 Pressure (bar)
    1.68679e+01

           Step           Time
         120000     3600.00000

   Energies (kJ/mol)
           Bond       G96Angle       CBT Dih.        LJ (SR)   Coulomb (SR)
    3.17993e+03    3.08078e+03    2.10691e+03   -2.72555e+05    0.00000e+00
      Potential    Kinetic En.   Total Energy  Conserved En.    Temperature
   -2.64188e+05    4.56985e+04   -2.18489e+05   -4.84152e+05    3.00367e+02
 Pressure (bar)
   -1.39447e+00

           Step           Time
         125000     3750.00000

   Energies (kJ/mol)
           Bond       G96Angle       CBT Dih.        LJ (SR)   Coulomb (SR)
    3.17172e+03    3.01603e+03    2.19444e+03   -2.72799e+05    0.00000e+00
      Potential    Kinetic En.   Total Energy  Conserved En.    Temperature
   -2.64417e+05    4.49680e+04   -2.19449e+05   -4.91892e+05    2.95565e+02
 Pressure (bar)
   -5.17975e+01

           Step           Time
         130000     3900.00000

   Energies (kJ/mol)
           Bond       G96Angle       CBT Dih.        LJ (SR)   Coulomb (SR)
    3.14196e+03    3.06085e+03    2.17899e+03   -2.71883e+05    0.00000e+00
      Potential    Kinetic En.   Total Energy  Conserved En.    Temperature
   -2.63501e+05    4.53067e+04   -2.18195e+05   -4.99693e+05    2.97792e+02
 Pressure (bar)
    4.09871e+01

           Step           Time
         135000     4050.00000

   Energies (kJ/mol)
           Bond       G96Angle       CBT Dih.        LJ (SR)   Coulomb (SR)
    3.17041e+03    3.11776e+03    2.09170e+03   -2.73129e+05    0.00000e+00
      Potential    Kinetic En.   Total Energy  Conserved En.    Temperature
   -2.64750e+05    4.51172e+04   -2.19632e+05   -5.07447e+05    2.96547e+02
 Pressure (bar)
   -1.04909e+01

           Step           Time
         140000     4200.00000

   Energies (kJ/mol)
           Bond       G96Angle       CBT Dih.        LJ (SR)   Coulomb (SR)
    3.22250e+03    3.17678e+03    2.15785e+03   -2.72977e+05    0.00000e+00
      Potential    Kinetic En.   Total Energy  Conserved En.    Temperature
   -2.64419e+05    4.47792e+04   -2.19640e+05   -5.15235e+05    2.94324e+02
 Pressure (bar)
   -3.30909e+01

           Step           Time
         145000     4350.00000

   Energies (kJ/mol)
           Bond       G96Angle       CBT Dih.        LJ (SR)   Coulomb (SR)
    3.31466e+03    3.15330e+03    2.14229e+03   -2.72308e+05    0.00000e+00
      Potential    Kinetic En.   Total Energy  Conserved En.    Temperature
   -2.63698e+05    4.60224e+04   -2.17676e+05   -5.23080e+05    3.02496e+02
 Pressure (bar)
   -1.71632e+01

           Step           Time
         150000     4500.00000

   Energies (kJ/mol)
           Bond       G96Angle       CBT Dih.        LJ (SR)   Coulomb (SR)
    3.10555e+03    3.16137e+03    2.14872e+03   -2.73358e+05    0.00000e+00
      Potential    Kinetic En.   Total Energy  Conserved En.    Temperature
   -2.64943e+05    4.55583e+04   -2.19384e+05   -5.30966e+05    2.99445e+02
 Pressure (bar)
   -1.14238e+01

           Step           Time
         155000     4650.00000

   Energies (kJ/mol)
           Bond       G96Angle       CBT Dih.        LJ (SR)   Coulomb (SR)
    3.39544e+03    2.96624e+03    2.26066e+03   -2.72454e+05    0.00000e+00
      Potential    Kinetic En.   Total Energy  Conserved En.    Temperature
   -2.63832e+05    4.48639e+04   -2.18968e+05   -5.38660e+05    2.94882e+02
 Pressure (bar)
   -1.41143e+00

           Step           Time
         160000     4800.00000

   Energies (kJ/mol)
           Bond       G96Angle       CBT Dih.        LJ (SR)   Coulomb (SR)
    3.24836e+03    3.01501e+03    2.26481e+03   -2.72207e+05    0.00000e+00
      Potential    Kinetic En.   Total Energy  Conserved En.    Temperature
   -2.63679e+05    4.53802e+04   -2.18299e+05   -5.46512e+05    2.98275e+02
 Pressure (bar)
   -9.74291e+00

           Step           Time
         165000     4950.00000

   Energies (kJ/mol)
           Bond       G96Angle       CBT Dih.        LJ (SR)   Coulomb (SR)
    3.10164e+03    3.20998e+03    2.12360e+03   -2.72416e+05    0.00000e+00
      Potential    Kinetic En.   Total Energy  Conserved En.    Temperature
   -2.63981e+05    4.51150e+04   -2.18866e+05   -5.54318e+05    2.96532e+02
 Pressure (bar)
    2.26702e+01

           Step           Time
         170000     5100.00000

   Energies (kJ/mol)
           Bond       G96Angle       CBT Dih.        LJ (SR)   Coulomb (SR)
    3.24032e+03    3.19317e+03    2.10670e+03   -2.72796e+05    0.00000e+00
      Potential    Kinetic En.   Total Energy  Conserved En.    Temperature
   -2.64256e+05    4.52419e+04   -2.19014e+05   -5.62072e+05    2.97366e+02
 Pressure (bar)
    2.31801e+01

           Step           Time
         175000     5250.00000

   Energies (kJ/mol)
           Bond       G96Angle       CBT Dih.        LJ (SR)   Coulomb (SR)
    3.29356e+03    3.03795e+03    2.19853e+03   -2.71613e+05    0.00000e+00
      Potential    Kinetic En.   Total Energy  Conserved En.    Temperature
   -2.63083e+05    4.51395e+04   -2.17944e+05   -5.69816e+05    2.96693e+02
 Pressure (bar)
    1.95746e+01

           Step           Time
         180000     5400.00000

   Energies (kJ/mol)
           Bond       G96Angle       CBT Dih.        LJ (SR)   Coulomb (SR)
    3.28994e+03    3.07880e+03    2.14899e+03   -2.71278e+05    0.00000e+00
      Potential    Kinetic En.   Total Energy  Conserved En.    Temperature
   -2.62760e+05    4.54980e+04   -2.17262e+05   -5.77704e+05    2.99049e+02
 Pressure (bar)
   -9.39777e+00

           Step           Time
         185000     5550.00000

   Energies (kJ/mol)
           Bond       G96Angle       CBT Dih.        LJ (SR)   Coulomb (SR)
    3.32672e+03    3.02834e+03    2.27453e+03   -2.72309e+05    0.00000e+00
      Potential    Kinetic En.   Total Energy  Conserved En.    Temperature
   -2.63679e+05    4.54866e+04   -2.18192e+05   -5.85447e+05    2.98974e+02
 Pressure (bar)
   -2.42413e+01

           Step           Time
         190000     5700.00000

   Energies (kJ/mol)
           Bond       G96Angle       CBT Dih.        LJ (SR)   Coulomb (SR)
    3.17141e+03    3.16863e+03    2.12215e+03   -2.72614e+05    0.00000e+00
      Potential    Kinetic En.   Total Energy  Conserved En.    Temperature
   -2.64151e+05    4.52829e+04   -2.18868e+05   -5.93278e+05    2.97635e+02
 Pressure (bar)
   -1.67335e+00

           Step           Time
         195000     5850.00000

   Energies (kJ/mol)
           Bond       G96Angle       CBT Dih.        LJ (SR)   Coulomb (SR)
    3.29217e+03    3.12414e+03    2.13611e+03   -2.72300e+05    0.00000e+00
      Potential    Kinetic En.   Total Energy  Conserved En.    Temperature
   -2.63748e+05    4.54207e+04   -2.18327e+05   -6.01021e+05    2.98541e+02
 Pressure (bar)
   -2.62884e+01

           Step           Time
         200000     6000.00000

   Energies (kJ/mol)
           Bond       G96Angle       CBT Dih.        LJ (SR)   Coulomb (SR)
    3.31396e+03    3.17465e+03    2.09027e+03   -2.72557e+05    0.00000e+00
      Potential    Kinetic En.   Total Energy  Conserved En.    Temperature
   -2.63978e+05    4.58666e+04   -2.18111e+05   -6.08883e+05    3.01472e+02
 Pressure (bar)
   -2.64925e+01

           Step           Time
         205000     6150.00000

   Energies (kJ/mol)
           Bond       G96Angle       CBT Dih.        LJ (SR)   Coulomb (SR)
    3.10885e+03    3.11542e+03    2.15047e+03   -2.72310e+05    0.00000e+00
      Potential    Kinetic En.   Total Energy  Conserved En.    Temperature
   -2.63935e+05    4.59148e+04   -2.18020e+05   -6.16712e+05    3.01789e+02
 Pressure (bar)
   -2.59680e+01

           Step           Time
         210000     6300.00000

   Energies (kJ/mol)
           Bond       G96Angle       CBT Dih.        LJ (SR)   Coulomb (SR)
    3.08676e+03    3.08982e+03    2.29922e+03   -2.72509e+05    0.00000e+00
      Potential    Kinetic En.   Total Energy  Conserved En.    Temperature
   -2.64034e+05    4.47463e+04   -2.19287e+05   -6.24410e+05    2.94108e+02
 Pressure (bar)
   -1.24569e+00

           Step           Time
         215000     6450.00000

   Energies (kJ/mol)
           Bond       G96Angle       CBT Dih.        LJ (SR)   Coulomb (SR)
    3.28098e+03    3.21935e+03    2.09986e+03   -2.72829e+05    0.00000e+00
      Potential    Kinetic En.   Total Energy  Conserved En.    Temperature
   -2.64229e+05    4.53538e+04   -2.18875e+05   -6.32222e+05    2.98101e+02
 Pressure (bar)
   -3.98539e+01

           Step           Time
         220000     6600.00000

   Energies (kJ/mol)
           Bond       G96Angle       CBT Dih.        LJ (SR)   Coulomb (SR)
    3.17328e+03    3.18372e+03    2.21802e+03   -2.72255e+05    0.00000e+00
      Potential    Kinetic En.   Total Energy  Conserved En.    Temperature
   -2.63680e+05    4.54686e+04   -2.18211e+05   -6.40012e+05    2.98856e+02
 Pressure (bar)
    1.54999e+01

           Step           Time
         225000     6750.00000

   Energies (kJ/mol)
           Bond       G96Angle       CBT Dih.        LJ (SR)   Coulomb (SR)
    3.18336e+03    3.15793e+03    2.02940e+03   -2.72404e+05    0.00000e+00
      Potential    Kinetic En.   Total Energy  Conserved En.    Temperature
   -2.64033e+05    4.49646e+04   -2.19068e+05   -6.47893e+05    2.95543e+02
 Pressure (bar)
    3.45767e+01

           Step           Time
         230000     6900.00000

   Energies (kJ/mol)
           Bond       G96Angle       CBT Dih.        LJ (SR)   Coulomb (SR)
    3.21515e+03    3.16646e+03    2.18789e+03   -2.72976e+05    0.00000e+00
      Potential    Kinetic En.   Total Energy  Conserved En.    Temperature
   -2.64407e+05    4.53373e+04   -2.19070e+05   -6.55608e+05    2.97993e+02
 Pressure (bar)
   -4.47549e+01

           Step           Time
         235000     7050.00000

   Energies (kJ/mol)
           Bond       G96Angle       CBT Dih.        LJ (SR)   Coulomb (SR)
    3.37655e+03    3.22720e+03    2.08734e+03   -2.71108e+05    0.00000e+00
      Potential    Kinetic En.   Total Energy  Conserved En.    Temperature
   -2.62416e+05    4.57726e+04   -2.16644e+05   -6.63408e+05    3.00854e+02
 Pressure (bar)
    3.35297e+01

           Step           Time
         240000     7200.00000

   Energies (kJ/mol)
           Bond       G96Angle       CBT Dih.        LJ (SR)   Coulomb (SR)
    3.20397e+03    3.05741e+03    2.31590e+03   -2.72836e+05    0.00000e+00
      Potential    Kinetic En.   Total Energy  Conserved En.    Temperature
   -2.64259e+05    4.43584e+04   -2.19901e+05   -6.71185e+05    2.91559e+02
 Pressure (bar)
   -5.10818e+00

           Step           Time
         245000     7350.00000

   Energies (kJ/mol)
           Bond       G96Angle       CBT Dih.        LJ (SR)   Coulomb (SR)
    3.20094e+03    3.12756e+03    2.18434e+03   -2.72440e+05    0.00000e+00
      Potential    Kinetic En.   Total Energy  Conserved En.    Temperature
   -2.63927e+05    4.53810e+04   -2.18546e+05   -6.79048e+05    2.98280e+02
 Pressure (bar)
    1.61141e+01

           Step           Time
         250000     7500.00000

Writing checkpoint, step 250000 at Mon Mar 11 16:54:00 2024


   Energies (kJ/mol)
           Bond       G96Angle       CBT Dih.        LJ (SR)   Coulomb (SR)
    3.18770e+03    3.19466e+03    2.15742e+03   -2.72255e+05    0.00000e+00
      Potential    Kinetic En.   Total Energy  Conserved En.    Temperature
   -2.63715e+05    4.53663e+04   -2.18349e+05   -6.86873e+05    2.98183e+02
 Pressure (bar)
    3.22838e+01


Energy conservation over simulation part #1 of length 7500 ns, time 0 to 7500 ns
  Conserved energy drift: -4.50e-03 kJ/mol/ps per atom


	<======  ###############  ==>
	<====  A V E R A G E S  ====>
	<==  ###############  ======>

	Statistics over 250001 steps using 2501 frames

   Energies (kJ/mol)
           Bond       G96Angle       CBT Dih.        LJ (SR)   Coulomb (SR)
    3.21722e+03    3.11166e+03    2.17189e+03   -2.70488e+05    0.00000e+00
      Potential    Kinetic En.   Total Energy  Conserved En.    Temperature
   -2.61987e+05    4.52805e+04   -2.16707e+05   -4.89656e+05    2.97619e+02
 Pressure (bar)
   -2.99554e+00

          Box-X          Box-Y          Box-Z
    8.05957e+00    8.05957e+00    2.41787e+01

   Total Virial (kJ/mol)
    1.53699e+04    5.72026e+00    1.34811e+01
    5.71988e+00    1.53716e+04   -1.32188e+00
    1.34822e+01   -1.32332e+00    1.51934e+04

   Pressure (bar)
   -3.25519e+00   -2.29934e-02   -1.09638e-01
   -2.29837e-02   -3.70158e+00   -2.27852e-02
   -1.09650e-01   -2.27602e-02   -2.02985e+00


	M E G A - F L O P S   A C C O U N T I N G

 NB=Group-cutoff nonbonded kernels    NxN=N-by-N cluster Verlet kernels
 RF=Reaction-Field  VdW=Van der Waals  QSTab=quadratic-spline table
 W3=SPC/TIP3p  W4=TIP4p (single or pairs)
 V&F=Potential and force  V=Potential only  F=Force only

 Computing:                               M-Number         M-Flops  % Flops
-----------------------------------------------------------------------------
 Pair Search distance check            6021.047840       54189.431     0.2
 NxN RF Elec. + LJ [F]               808138.717312    30709271.258    97.4
 NxN RF Elec. + LJ [V&F]               8167.403904      441039.811     1.4
 Shift-X                                122.012200         732.073     0.0
 Bonds                                  605.002420       35695.143     0.1
 Angles                                 600.002400      100800.403     0.3
 RB-Dihedrals                           595.002380      146965.588     0.5
 Virial                                 306.137245        5510.470     0.0
 Stop-CM                                 30.524400         305.244     0.0
 P-Coupling                             305.012200        1830.073     0.0
 Calc-Ekin                             1220.024400       32940.659     0.1
-----------------------------------------------------------------------------
 Total                                                31529280.153   100.0
-----------------------------------------------------------------------------


     R E A L   C Y C L E   A N D   T I M E   A C C O U N T I N G

On 1 MPI rank, each using 8 OpenMP threads

 Computing:          Num   Num      Call    Wall time         Giga-Cycles
                     Ranks Threads  Count      (s)         total sum    %
-----------------------------------------------------------------------------
 Neighbor search        1    8      10001      14.942        298.370   2.5
 Launch GPU ops.        1    8     250001      40.643        811.568   6.7
 Force                  1    8     250001     148.834       2971.932  24.4
 Wait GPU NB local      1    8     250001     151.016       3015.499  24.8
 NB X/F buffer ops.     1    8     490001     113.987       2276.103  18.7
 Write traj.            1    8         51       0.113          2.255   0.0
 Update                 1    8     250001     108.603       2168.584  17.8
 Rest                                          31.080        620.612   5.1
-----------------------------------------------------------------------------
 Total                                        609.219      12164.923 100.0
-----------------------------------------------------------------------------

               Core t (s)   Wall t (s)        (%)
       Time:     4873.749      609.219      800.0
                 (ns/day)    (hour/ns)
Performance:     1063.662        0.023
Finished mdrun on rank 0 Mon Mar 11 16:54:00 2024

